{"/mnt/c/Users/svart/myFolder/workshop_msano/prj_onyva-vue/components.d.ts": {"path":"/mnt/c/Users/svart/myFolder/workshop_msano/prj_onyva-vue/components.d.ts","statementMap":{},"fnMap":{},"branchMap":{},"s":{},"f":{},"b":{}}
,"/mnt/c/Users/svart/myFolder/workshop_msano/prj_onyva-vue/vite.config.ts": {"path":"/mnt/c/Users/svart/myFolder/workshop_msano/prj_onyva-vue/vite.config.ts","statementMap":{"0":{"start":{"line":11,"column":36},"end":{"line":11,"column":60}}},"fnMap":{"0":{"name":"(anonymous_0)","decl":{"start":{"line":11,"column":27},"end":{"line":11,"column":28}},"loc":{"start":{"line":11,"column":36},"end":{"line":11,"column":60}},"line":11}},"branchMap":{},"s":{"0":0},"f":{"0":0},"b":{}}
,"/mnt/c/Users/svart/myFolder/workshop_msano/prj_onyva-vue/@types/index.d.ts": {"path":"/mnt/c/Users/svart/myFolder/workshop_msano/prj_onyva-vue/@types/index.d.ts","statementMap":{},"fnMap":{},"branchMap":{},"s":{},"f":{},"b":{}}
,"/mnt/c/Users/svart/myFolder/workshop_msano/prj_onyva-vue/src/App.vue": {"path":"/mnt/c/Users/svart/myFolder/workshop_msano/prj_onyva-vue/src/App.vue","statementMap":{"0":{"start":{"line":3,"column":0},"end":{"line":5,"column":3}},"1":{"start":{"line":6,"column":12},"end":{"line":6,"column":26}},"2":{"start":{"line":7,"column":19},"end":{"line":7,"column":53}},"3":{"start":{"line":8,"column":19},"end":{"line":8,"column":53}},"4":{"start":{"line":9,"column":22},"end":{"line":9,"column":59}},"5":{"start":{"line":10,"column":0},"end":{"line":26,"column":3}},"6":{"start":{"line":13,"column":19},"end":{"line":13,"column":28}},"7":{"start":{"line":14,"column":4},"end":{"line":14,"column":15}},"8":{"start":{"line":15,"column":23},"end":{"line":19,"column":5}},"9":{"start":{"line":20,"column":4},"end":{"line":23,"column":7}},"10":{"start":{"line":24,"column":4},"end":{"line":24,"column":24}},"11":{"start":{"line":28,"column":0},"end":{"line":28,"column":62}},"12":{"start":{"line":29,"column":0},"end":{"line":29,"column":24}},"13":{"start":{"line":30,"column":12},"end":{"line":30,"column":26}},"14":{"start":{"line":31,"column":17},"end":{"line":31,"column":37}},"15":{"start":{"line":33,"column":4},"end":{"line":37,"column":8}},"16":{"start":{"line":39,"column":1},"end":{"line":39,"column":48}}},"fnMap":{"0":{"name":"(anonymous_0)","decl":{"start":{"line":12,"column":9},"end":{"line":12,"column":10}},"loc":{"start":{"line":12,"column":32},"end":{"line":25,"column":3}},"line":12},"1":{"name":"render","decl":{"start":{"line":32,"column":9},"end":{"line":32,"column":15}},"loc":{"start":{"line":32,"column":63},"end":{"line":38,"column":1}},"line":32}},"branchMap":{},"s":{"0":0,"1":0,"2":0,"3":0,"4":0,"5":0,"6":0,"7":0,"8":0,"9":0,"10":0,"11":0,"12":0,"13":0,"14":0,"15":0,"16":0},"f":{"0":0,"1":0},"b":{},"inputSourceMap":{"0":"{","1":"\"","2":"v","3":"e","4":"r","5":"s","6":"i","7":"o","8":"n","9":"\"","10":":","11":"3","12":",","13":"\"","14":"s","15":"o","16":"u","17":"r","18":"c","19":"e","20":"s","21":"\"","22":":","23":"[","24":"\"","25":"/","26":"m","27":"n","28":"t","29":"/","30":"c","31":"/","32":"U","33":"s","34":"e","35":"r","36":"s","37":"/","38":"s","39":"v","40":"a","41":"r","42":"t","43":"/","44":"m","45":"y","46":"F","47":"o","48":"l","49":"d","50":"e","51":"r","52":"/","53":"w","54":"o","55":"r","56":"k","57":"s","58":"h","59":"o","60":"p","61":"_","62":"m","63":"s","64":"a","65":"n","66":"o","67":"/","68":"p","69":"r","70":"j","71":"_","72":"o","73":"n","74":"y","75":"v","76":"a","77":"-","78":"v","79":"u","80":"e","81":"/","82":"s","83":"r","84":"c","85":"/","86":"A","87":"p","88":"p","89":".","90":"v","91":"u","92":"e","93":"\"","94":"]","95":",","96":"\"","97":"n","98":"a","99":"m","100":"e","101":"s","102":"\"","103":":","104":"[","105":"]","106":",","107":"\"","108":"m","109":"a","110":"p","111":"p","112":"i","113":"n","114":"g","115":"s","116":"\"","117":":","118":"\"","119":";","120":";","121":"A","122":"A","123":"C","124":"A","125":",","126":"M","127":"A","128":"A","129":"M","130":",","131":"C","132":"A","133":"A","134":"C","135":",","136":"c","137":"A","138":"A","139":"c","140":",","141":"C","142":"A","143":"A","144":"C","145":",","146":"O","147":"A","148":"A","149":"O","150":",","151":"E","152":"A","153":"A","154":"E","155":",","156":"Y","157":"A","158":"A","159":"Y","160":",","161":"E","162":"A","163":"A","164":"E","165":";","166":"E","167":"A","168":"A","169":"E","170":",","171":"K","172":"A","173":"A","174":"K","175":",","176":"E","177":"A","178":"A","179":"E","180":";","181":"A","182":"A","183":"A","184":"K","185":",","186":"C","187":"A","188":"A","189":"C","190":",","191":"C","192":"A","193":"A","194":"C","195":";","196":"A","197":"A","198":"C","199":"7","200":"D","201":",","202":"I","203":"A","204":"A","205":"I","206":",","207":"K","208":"A","209":"A","210":"K","211":",","212":"G","213":"A","214":"A","215":"G","216":",","217":"O","218":"A","219":"A","220":"O","221":",","222":"C","223":"A","224":"A","225":"C","226":",","227":"K","228":"A","229":"A","230":"K","231":",","232":"C","233":"A","234":"A","235":"C","236":";","237":"A","238":"A","239":"C","240":"1","241":"B","242":",","243":"I","244":"A","245":"A","246":"I","247":",","248":"Y","249":"A","250":"A","251":"Y","252":",","253":"G","254":"A","255":"A","256":"G","257":",","258":"O","259":"A","260":"A","261":"O","262":",","263":"C","264":"A","265":"A","266":"C","267":",","268":"y","269":"B","270":"A","271":"A","272":"y","273":"B","274":",","275":"C","276":"A","277":"A","278":"C","279":";","280":";","281":";","282":";","283":";","284":";","285":"I","286":"A","287":"H","288":"7","289":"C","290":",","291":"I","292":"A","293":"A","294":"I","295":",","296":"Q","297":"A","298":"A","299":"Q","300":",","301":"G","302":"A","303":"A","304":"G","305":",","306":"E","307":"A","308":"A","309":"E","310":",","311":"C","312":"A","313":"A","314":"C","315":",","316":"M","317":"A","318":"A","319":"M","320":"\"","321":",","322":"\"","323":"f","324":"i","325":"l","326":"e","327":"\"","328":":","329":"\"","330":"/","331":"m","332":"n","333":"t","334":"/","335":"c","336":"/","337":"U","338":"s","339":"e","340":"r","341":"s","342":"/","343":"s","344":"v","345":"a","346":"r","347":"t","348":"/","349":"m","350":"y","351":"F","352":"o","353":"l","354":"d","355":"e","356":"r","357":"/","358":"w","359":"o","360":"r","361":"k","362":"s","363":"h","364":"o","365":"p","366":"_","367":"m","368":"s","369":"a","370":"n","371":"o","372":"/","373":"p","374":"r","375":"j","376":"_","377":"o","378":"n","379":"y","380":"v","381":"a","382":"-","383":"v","384":"u","385":"e","386":"/","387":"s","388":"r","389":"c","390":"/","391":"A","392":"p","393":"p","394":".","395":"v","396":"u","397":"e","398":"\"","399":",","400":"\"","401":"s","402":"o","403":"u","404":"r","405":"c","406":"e","407":"s","408":"C","409":"o","410":"n","411":"t","412":"e","413":"n","414":"t","415":"\"","416":":","417":"[","418":"\"","419":"<","420":"s","421":"c","422":"r","423":"i","424":"p","425":"t","426":" ","427":"s","428":"e","429":"t","430":"u","431":"p","432":" ","433":"l","434":"a","435":"n","436":"g","437":"=","438":"\\","439":"\"","440":"t","441":"s","442":"\\","443":"\"","444":">","445":"\\","446":"n","447":"i","448":"m","449":"p","450":"o","451":"r","452":"t","453":" ","454":"H","455":"e","456":"a","457":"d","458":"e","459":"r","460":" ","461":"f","462":"r","463":"o","464":"m","465":" ","466":"\\","467":"\"","468":".","469":"/","470":"c","471":"o","472":"m","473":"p","474":"o","475":"n","476":"e","477":"n","478":"t","479":"s","480":"/","481":"H","482":"e","483":"a","484":"d","485":"e","486":"r","487":".","488":"v","489":"u","490":"e","491":"\\","492":"\"","493":";","494":"\\","495":"n","496":"i","497":"m","498":"p","499":"o","500":"r","501":"t","502":" ","503":"F","504":"o","505":"o","506":"t","507":"e","508":"r","509":" ","510":"f","511":"r","512":"o","513":"m","514":" ","515":"\\","516":"\"","517":".","518":"/","519":"c","520":"o","521":"m","522":"p","523":"o","524":"n","525":"e","526":"n","527":"t","528":"s","529":"/","530":"F","531":"o","532":"o","533":"t","534":"e","535":"r","536":".","537":"v","538":"u","539":"e","540":"\\","541":"\"","542":";","543":"\\","544":"n","545":"i","546":"m","547":"p","548":"o","549":"r","550":"t","551":" ","552":"R","553":"o","554":"u","555":"t","556":"e","557":"H","558":"o","559":"m","560":"e","561":" ","562":"f","563":"r","564":"o","565":"m","566":" ","567":"\\","568":"\"","569":".","570":"/","571":"c","572":"o","573":"m","574":"p","575":"o","576":"n","577":"e","578":"n","579":"t","580":"s","581":"/","582":"R","583":"o","584":"u","585":"t","586":"e","587":"H","588":"o","589":"m","590":"e","591":".","592":"v","593":"u","594":"e","595":"\\","596":"\"","597":";","598":"\\","599":"n","600":"<","601":"/","602":"s","603":"c","604":"r","605":"i","606":"p","607":"t","608":">","609":"\\","610":"n","611":"\\","612":"n","613":"<","614":"t","615":"e","616":"m","617":"p","618":"l","619":"a","620":"t","621":"e","622":">","623":"\\","624":"n","625":" ","626":" ","627":"<","628":"d","629":"i","630":"v","631":" ","632":"c","633":"l","634":"a","635":"s","636":"s","637":"=","638":"\\","639":"\"","640":"d","641":"i","642":"s","643":"p","644":"l","645":"a","646":"y","647":"\\","648":"\"","649":">","650":"\\","651":"n","652":" ","653":" ","654":" ","655":" ","656":"<","657":"H","658":"e","659":"a","660":"d","661":"e","662":"r","663":" ","664":"/","665":">","666":"\\","667":"n","668":" ","669":" ","670":" ","671":" ","672":"<","673":"R","674":"o","675":"u","676":"t","677":"e","678":"H","679":"o","680":"m","681":"e","682":" ","683":"/","684":">","685":"\\","686":"n","687":" ","688":" ","689":" ","690":" ","691":"<","692":"F","693":"o","694":"o","695":"t","696":"e","697":"r","698":" ","699":"/","700":">","701":"\\","702":"n","703":" ","704":" ","705":"<","706":"/","707":"d","708":"i","709":"v","710":">","711":"\\","712":"n","713":"<","714":"/","715":"t","716":"e","717":"m","718":"p","719":"l","720":"a","721":"t","722":"e","723":">","724":"\\","725":"n","726":"\\","727":"n","728":"<","729":"s","730":"t","731":"y","732":"l","733":"e","734":" ","735":"s","736":"c","737":"o","738":"p","739":"e","740":"d","741":">","742":"\\","743":"n","744":".","745":"d","746":"i","747":"s","748":"p","749":"l","750":"a","751":"y","752":" ","753":"{","754":"\\","755":"n","756":" ","757":" ","758":"m","759":"a","760":"r","761":"g","762":"i","763":"n","764":":","765":" ","766":"0","767":";","768":"\\","769":"n","770":" ","771":" ","772":"p","773":"a","774":"d","775":"d","776":"i","777":"n","778":"g","779":":","780":" ","781":"0","782":";","783":"\\","784":"n","785":" ","786":" ","787":"m","788":"i","789":"n","790":"-","791":"h","792":"e","793":"i","794":"g","795":"h","796":"t","797":":","798":" ","799":"1","800":"0","801":"0","802":"v","803":"h","804":";","805":"\\","806":"n","807":" ","808":" ","809":"d","810":"i","811":"s","812":"p","813":"l","814":"a","815":"y","816":":","817":" ","818":"g","819":"r","820":"i","821":"d","822":";","823":"\\","824":"n","825":" ","826":" ","827":"g","828":"r","829":"i","830":"d","831":"-","832":"t","833":"e","834":"m","835":"p","836":"l","837":"a","838":"t","839":"e","840":"-","841":"r","842":"o","843":"w","844":"s","845":":","846":" ","847":"a","848":"u","849":"t","850":"o","851":" ","852":"1","853":"f","854":"r","855":" ","856":"a","857":"u","858":"t","859":"o","860":";","861":"\\","862":"n","863":"}","864":"\\","865":"n","866":"<","867":"/","868":"s","869":"t","870":"y","871":"l","872":"e","873":">","874":"\\","875":"n","876":"\"","877":"]","878":"}"}}
,"/mnt/c/Users/svart/myFolder/workshop_msano/prj_onyva-vue/src/main.ts": {"path":"/mnt/c/Users/svart/myFolder/workshop_msano/prj_onyva-vue/src/main.ts","statementMap":{"0":{"start":{"line":15,"column":0},"end":{"line":15,"column":85}}},"fnMap":{},"branchMap":{},"s":{"0":0},"f":{},"b":{}}
,"/mnt/c/Users/svart/myFolder/workshop_msano/prj_onyva-vue/src/vite-env.d.ts": {"path":"/mnt/c/Users/svart/myFolder/workshop_msano/prj_onyva-vue/src/vite-env.d.ts","statementMap":{},"fnMap":{},"branchMap":{},"s":{},"f":{},"b":{}}
,"/mnt/c/Users/svart/myFolder/workshop_msano/prj_onyva-vue/src/assets/asset.ts": {"path":"/mnt/c/Users/svart/myFolder/workshop_msano/prj_onyva-vue/src/assets/asset.ts","statementMap":{"0":{"start":{"line":1,"column":21},"end":{"line":1,"column":31}},"1":{"start":{"line":2,"column":24},"end":{"line":2,"column":74}},"2":{"start":{"line":3,"column":23},"end":{"line":3,"column":32}},"3":{"start":{"line":4,"column":24},"end":{"line":4,"column":38}},"4":{"start":{"line":5,"column":27},"end":{"line":5,"column":37}},"5":{"start":{"line":7,"column":28},"end":{"line":7,"column":50}},"6":{"start":{"line":8,"column":25},"end":{"line":8,"column":48}},"7":{"start":{"line":10,"column":28},"end":{"line":10,"column":74}},"8":{"start":{"line":12,"column":23},"end":{"line":12,"column":31}},"9":{"start":{"line":13,"column":26},"end":{"line":13,"column":39}},"10":{"start":{"line":14,"column":24},"end":{"line":14,"column":37}},"11":{"start":{"line":15,"column":26},"end":{"line":15,"column":45}}},"fnMap":{},"branchMap":{},"s":{"0":6,"1":6,"2":6,"3":6,"4":6,"5":6,"6":6,"7":6,"8":6,"9":6,"10":6,"11":6},"f":{},"b":{},"_coverageSchema":"1a1c01bbd47fc00a2c39e90264f33305004495a9","hash":"59284b711f9750fa426ca9a8a8acab4d04647fb7"}
,"/mnt/c/Users/svart/myFolder/workshop_msano/prj_onyva-vue/src/components/AuthDashboard.vue": {"path":"/mnt/c/Users/svart/myFolder/workshop_msano/prj_onyva-vue/src/components/AuthDashboard.vue","statementMap":{"0":{"start":{"line":5,"column":0},"end":{"line":33,"column":1}},"1":{"start":{"line":9,"column":4},"end":{"line":11,"column":7}},"2":{"start":{"line":10,"column":6},"end":{"line":10,"column":21}},"3":{"start":{"line":13,"column":2},"end":{"line":32,"column":5}},"4":{"start":{"line":15,"column":6},"end":{"line":19,"column":7}},"5":{"start":{"line":16,"column":8},"end":{"line":16,"column":36}},"6":{"start":{"line":18,"column":8},"end":{"line":18,"column":18}},"7":{"start":{"line":22,"column":6},"end":{"line":26,"column":7}},"8":{"start":{"line":23,"column":8},"end":{"line":23,"column":40}},"9":{"start":{"line":25,"column":8},"end":{"line":25,"column":18}},"10":{"start":{"line":29,"column":6},"end":{"line":29,"column":90}},"11":{"start":{"line":31,"column":4},"end":{"line":31,"column":74}},"12":{"start":{"line":36,"column":0},"end":{"line":125,"column":1}},"13":{"start":{"line":39,"column":10},"end":{"line":47,"column":5}},"14":{"start":{"line":42,"column":8},"end":{"line":42,"column":33}},"15":{"start":{"line":42,"column":22},"end":{"line":42,"column":33}},"16":{"start":{"line":43,"column":8},"end":{"line":43,"column":20}},"17":{"start":{"line":52,"column":2},"end":{"line":58,"column":8}},"18":{"start":{"line":57,"column":4},"end":{"line":57,"column":16}},"19":{"start":{"line":60,"column":4},"end":{"line":62,"column":6}},"20":{"start":{"line":61,"column":6},"end":{"line":61,"column":26}},"21":{"start":{"line":65,"column":4},"end":{"line":65,"column":66}},"22":{"start":{"line":65,"column":11},"end":{"line":65,"column":66}},"23":{"start":{"line":66,"column":4},"end":{"line":118,"column":5}},"24":{"start":{"line":66,"column":46},"end":{"line":118,"column":5}},"25":{"start":{"line":67,"column":6},"end":{"line":67,"column":163}},"26":{"start":{"line":67,"column":154},"end":{"line":67,"column":163}},"27":{"start":{"line":68,"column":6},"end":{"line":68,"column":46}},"28":{"start":{"line":68,"column":20},"end":{"line":68,"column":46}},"29":{"start":{"line":69,"column":6},"end":{"line":111,"column":7}},"30":{"start":{"line":72,"column":10},"end":{"line":72,"column":17}},"31":{"start":{"line":73,"column":10},"end":{"line":73,"column":16}},"32":{"start":{"line":75,"column":10},"end":{"line":75,"column":20}},"33":{"start":{"line":76,"column":10},"end":{"line":79,"column":12}},"34":{"start":{"line":81,"column":10},"end":{"line":81,"column":20}},"35":{"start":{"line":82,"column":10},"end":{"line":82,"column":20}},"36":{"start":{"line":83,"column":10},"end":{"line":83,"column":19}},"37":{"start":{"line":84,"column":10},"end":{"line":84,"column":19}},"38":{"start":{"line":86,"column":10},"end":{"line":86,"column":27}},"39":{"start":{"line":87,"column":10},"end":{"line":87,"column":23}},"40":{"start":{"line":88,"column":10},"end":{"line":88,"column":19}},"41":{"start":{"line":90,"column":10},"end":{"line":93,"column":11}},"42":{"start":{"line":91,"column":12},"end":{"line":91,"column":18}},"43":{"start":{"line":92,"column":12},"end":{"line":92,"column":21}},"44":{"start":{"line":94,"column":10},"end":{"line":97,"column":11}},"45":{"start":{"line":95,"column":12},"end":{"line":95,"column":28}},"46":{"start":{"line":96,"column":12},"end":{"line":96,"column":18}},"47":{"start":{"line":98,"column":10},"end":{"line":102,"column":11}},"48":{"start":{"line":99,"column":12},"end":{"line":99,"column":27}},"49":{"start":{"line":100,"column":12},"end":{"line":100,"column":19}},"50":{"start":{"line":101,"column":12},"end":{"line":101,"column":18}},"51":{"start":{"line":103,"column":10},"end":{"line":107,"column":11}},"52":{"start":{"line":104,"column":12},"end":{"line":104,"column":27}},"53":{"start":{"line":105,"column":12},"end":{"line":105,"column":27}},"54":{"start":{"line":106,"column":12},"end":{"line":106,"column":18}},"55":{"start":{"line":108,"column":10},"end":{"line":108,"column":32}},"56":{"start":{"line":108,"column":20},"end":{"line":108,"column":32}},"57":{"start":{"line":109,"column":10},"end":{"line":109,"column":23}},"58":{"start":{"line":110,"column":10},"end":{"line":110,"column":19}},"59":{"start":{"line":112,"column":6},"end":{"line":112,"column":33}},"60":{"start":{"line":114,"column":6},"end":{"line":114,"column":18}},"61":{"start":{"line":115,"column":6},"end":{"line":115,"column":12}},"62":{"start":{"line":117,"column":6},"end":{"line":117,"column":16}},"63":{"start":{"line":119,"column":4},"end":{"line":119,"column":31}},"64":{"start":{"line":119,"column":19},"end":{"line":119,"column":31}},"65":{"start":{"line":120,"column":4},"end":{"line":123,"column":6}},"66":{"start":{"line":126,"column":0},"end":{"line":128,"column":3}},"67":{"start":{"line":129,"column":12},"end":{"line":129,"column":26}},"68":{"start":{"line":130,"column":12},"end":{"line":130,"column":26}},"69":{"start":{"line":131,"column":26},"end":{"line":131,"column":56}},"70":{"start":{"line":132,"column":27},"end":{"line":132,"column":58}},"71":{"start":{"line":133,"column":25},"end":{"line":133,"column":54}},"72":{"start":{"line":134,"column":15},"end":{"line":134,"column":41}},"73":{"start":{"line":135,"column":14},"end":{"line":135,"column":40}},"74":{"start":{"line":136,"column":0},"end":{"line":222,"column":3}},"75":{"start":{"line":139,"column":16},"end":{"line":139,"column":20}},"76":{"start":{"line":140,"column":19},"end":{"line":140,"column":28}},"77":{"start":{"line":141,"column":4},"end":{"line":141,"column":15}},"78":{"start":{"line":142,"column":19},"end":{"line":149,"column":6}},"79":{"start":{"line":150,"column":20},"end":{"line":150,"column":41}},"80":{"start":{"line":151,"column":19},"end":{"line":181,"column":5}},"81":{"start":{"line":152,"column":6},"end":{"line":180,"column":9}},"82":{"start":{"line":154,"column":8},"end":{"line":179,"column":11}},"83":{"start":{"line":155,"column":10},"end":{"line":178,"column":11}},"84":{"start":{"line":157,"column":14},"end":{"line":157,"column":39}},"85":{"start":{"line":158,"column":14},"end":{"line":158,"column":67}},"86":{"start":{"line":160,"column":14},"end":{"line":160,"column":34}},"87":{"start":{"line":161,"column":14},"end":{"line":161,"column":55}},"88":{"start":{"line":162,"column":14},"end":{"line":170,"column":15}},"89":{"start":{"line":163,"column":16},"end":{"line":163,"column":41}},"90":{"start":{"line":164,"column":16},"end":{"line":164,"column":45}},"91":{"start":{"line":165,"column":16},"end":{"line":165,"column":47}},"92":{"start":{"line":166,"column":16},"end":{"line":166,"column":53}},"93":{"start":{"line":167,"column":16},"end":{"line":167,"column":49}},"94":{"start":{"line":168,"column":16},"end":{"line":168,"column":53}},"95":{"start":{"line":169,"column":16},"end":{"line":169,"column":54}},"96":{"start":{"line":171,"column":14},"end":{"line":171,"column":38}},"97":{"start":{"line":173,"column":14},"end":{"line":173,"column":30}},"98":{"start":{"line":174,"column":14},"end":{"line":174,"column":25}},"99":{"start":{"line":175,"column":14},"end":{"line":175,"column":38}},"100":{"start":{"line":177,"column":14},"end":{"line":177,"column":36}},"101":{"start":{"line":182,"column":4},"end":{"line":194,"column":7}},"102":{"start":{"line":183,"column":6},"end":{"line":193,"column":9}},"103":{"start":{"line":184,"column":8},"end":{"line":192,"column":11}},"104":{"start":{"line":185,"column":10},"end":{"line":191,"column":11}},"105":{"start":{"line":187,"column":14},"end":{"line":187,"column":47}},"106":{"start":{"line":189,"column":14},"end":{"line":189,"column":24}},"107":{"start":{"line":190,"column":14},"end":{"line":190,"column":36}},"108":{"start":{"line":195,"column":23},"end":{"line":215,"column":5}},"109":{"start":{"line":197,"column":8},"end":{"line":197,"column":24}},"110":{"start":{"line":200,"column":8},"end":{"line":200,"column":21}},"111":{"start":{"line":203,"column":8},"end":{"line":203,"column":25}},"112":{"start":{"line":206,"column":8},"end":{"line":206,"column":22}},"113":{"start":{"line":213,"column":8},"end":{"line":213,"column":34}},"114":{"start":{"line":216,"column":4},"end":{"line":219,"column":7}},"115":{"start":{"line":220,"column":4},"end":{"line":220,"column":24}},"116":{"start":{"line":224,"column":0},"end":{"line":224,"column":62}},"117":{"start":{"line":225,"column":0},"end":{"line":225,"column":24}},"118":{"start":{"line":226,"column":12},"end":{"line":226,"column":26}},"119":{"start":{"line":228,"column":29},"end":{"line":228,"column":67}},"120":{"start":{"line":229,"column":32},"end":{"line":229,"column":73}},"121":{"start":{"line":230,"column":4},"end":{"line":258,"column":8}},"122":{"start":{"line":235,"column":54},"end":{"line":245,"column":14}},"123":{"start":{"line":240,"column":62},"end":{"line":242,"column":22}},"124":{"start":{"line":260,"column":1},"end":{"line":260,"column":48}}},"fnMap":{"0":{"name":"(anonymous_0)","decl":{"start":{"line":7,"column":22},"end":{"line":7,"column":23}},"loc":{"start":{"line":7,"column":67},"end":{"line":33,"column":1}},"line":7},"1":{"name":"adopt","decl":{"start":{"line":8,"column":11},"end":{"line":8,"column":16}},"loc":{"start":{"line":8,"column":24},"end":{"line":12,"column":3}},"line":8},"2":{"name":"(anonymous_2)","decl":{"start":{"line":9,"column":46},"end":{"line":9,"column":47}},"loc":{"start":{"line":9,"column":65},"end":{"line":11,"column":5}},"line":9},"3":{"name":"(anonymous_3)","decl":{"start":{"line":13,"column":34},"end":{"line":13,"column":35}},"loc":{"start":{"line":13,"column":61},"end":{"line":32,"column":3}},"line":13},"4":{"name":"fulfilled","decl":{"start":{"line":14,"column":13},"end":{"line":14,"column":22}},"loc":{"start":{"line":14,"column":30},"end":{"line":20,"column":5}},"line":14},"5":{"name":"rejected","decl":{"start":{"line":21,"column":13},"end":{"line":21,"column":21}},"loc":{"start":{"line":21,"column":29},"end":{"line":27,"column":5}},"line":21},"6":{"name":"step","decl":{"start":{"line":28,"column":13},"end":{"line":28,"column":17}},"loc":{"start":{"line":28,"column":26},"end":{"line":30,"column":5}},"line":28},"7":{"name":"(anonymous_7)","decl":{"start":{"line":38,"column":24},"end":{"line":38,"column":25}},"loc":{"start":{"line":38,"column":49},"end":{"line":125,"column":1}},"line":38},"8":{"name":"(anonymous_8)","decl":{"start":{"line":41,"column":12},"end":{"line":41,"column":13}},"loc":{"start":{"line":41,"column":24},"end":{"line":44,"column":7}},"line":41},"9":{"name":"(anonymous_9)","decl":{"start":{"line":56,"column":59},"end":{"line":56,"column":60}},"loc":{"start":{"line":56,"column":71},"end":{"line":58,"column":3}},"line":56},"10":{"name":"verb","decl":{"start":{"line":59,"column":11},"end":{"line":59,"column":15}},"loc":{"start":{"line":59,"column":19},"end":{"line":63,"column":3}},"line":59},"11":{"name":"(anonymous_11)","decl":{"start":{"line":60,"column":11},"end":{"line":60,"column":12}},"loc":{"start":{"line":60,"column":24},"end":{"line":62,"column":5}},"line":60},"12":{"name":"step","decl":{"start":{"line":64,"column":11},"end":{"line":64,"column":15}},"loc":{"start":{"line":64,"column":20},"end":{"line":124,"column":3}},"line":64},"13":{"name":"(anonymous_13)","decl":{"start":{"line":138,"column":9},"end":{"line":138,"column":10}},"loc":{"start":{"line":138,"column":32},"end":{"line":221,"column":3}},"line":138},"14":{"name":"(anonymous_14)","decl":{"start":{"line":151,"column":19},"end":{"line":151,"column":20}},"loc":{"start":{"line":151,"column":31},"end":{"line":181,"column":5}},"line":151},"15":{"name":"(anonymous_15)","decl":{"start":{"line":152,"column":46},"end":{"line":152,"column":47}},"loc":{"start":{"line":152,"column":58},"end":{"line":180,"column":7}},"line":152},"16":{"name":"(anonymous_16)","decl":{"start":{"line":154,"column":33},"end":{"line":154,"column":34}},"loc":{"start":{"line":154,"column":47},"end":{"line":179,"column":9}},"line":154},"17":{"name":"(anonymous_17)","decl":{"start":{"line":182,"column":25},"end":{"line":182,"column":26}},"loc":{"start":{"line":182,"column":37},"end":{"line":194,"column":5}},"line":182},"18":{"name":"(anonymous_18)","decl":{"start":{"line":183,"column":46},"end":{"line":183,"column":47}},"loc":{"start":{"line":183,"column":58},"end":{"line":193,"column":7}},"line":183},"19":{"name":"(anonymous_19)","decl":{"start":{"line":184,"column":33},"end":{"line":184,"column":34}},"loc":{"start":{"line":184,"column":47},"end":{"line":192,"column":9}},"line":184},"20":{"name":"(anonymous_20)","decl":{"start":{"line":196,"column":6},"end":{"line":196,"column":7}},"loc":{"start":{"line":196,"column":21},"end":{"line":198,"column":7}},"line":196},"21":{"name":"(anonymous_21)","decl":{"start":{"line":199,"column":6},"end":{"line":199,"column":7}},"loc":{"start":{"line":199,"column":22},"end":{"line":201,"column":7}},"line":199},"22":{"name":"(anonymous_22)","decl":{"start":{"line":202,"column":6},"end":{"line":202,"column":7}},"loc":{"start":{"line":202,"column":22},"end":{"line":204,"column":7}},"line":202},"23":{"name":"(anonymous_23)","decl":{"start":{"line":205,"column":6},"end":{"line":205,"column":7}},"loc":{"start":{"line":205,"column":23},"end":{"line":207,"column":7}},"line":205},"24":{"name":"(anonymous_24)","decl":{"start":{"line":212,"column":6},"end":{"line":212,"column":7}},"loc":{"start":{"line":212,"column":23},"end":{"line":214,"column":7}},"line":212},"25":{"name":"render","decl":{"start":{"line":227,"column":9},"end":{"line":227,"column":15}},"loc":{"start":{"line":227,"column":63},"end":{"line":259,"column":1}},"line":227},"26":{"name":"(anonymous_26)","decl":{"start":{"line":235,"column":40},"end":{"line":235,"column":41}},"loc":{"start":{"line":235,"column":52},"end":{"line":245,"column":16}},"line":235},"27":{"name":"(anonymous_27)","decl":{"start":{"line":240,"column":48},"end":{"line":240,"column":49}},"loc":{"start":{"line":240,"column":60},"end":{"line":242,"column":24}},"line":240}},"branchMap":{"0":{"loc":{"start":{"line":5,"column":0},"end":{"line":33,"column":1}},"type":"binary-expr","locations":[{"start":{"line":5,"column":0},"end":{"line":5,"column":6}},{"start":{"line":7,"column":22},"end":{"line":33,"column":1}}],"line":5},"1":{"loc":{"start":{"line":9,"column":11},"end":{"line":11,"column":6}},"type":"cond-expr","locations":[{"start":{"line":9,"column":32},"end":{"line":9,"column":37}},{"start":{"line":9,"column":40},"end":{"line":11,"column":6}}],"line":9},"2":{"loc":{"start":{"line":13,"column":14},"end":{"line":13,"column":32}},"type":"binary-expr","locations":[{"start":{"line":13,"column":14},"end":{"line":13,"column":15}},{"start":{"line":13,"column":20},"end":{"line":13,"column":31}}],"line":13},"3":{"loc":{"start":{"line":29,"column":6},"end":{"line":29,"column":89}},"type":"cond-expr","locations":[{"start":{"line":29,"column":20},"end":{"line":29,"column":41}},{"start":{"line":29,"column":44},"end":{"line":29,"column":89}}],"line":29},"4":{"loc":{"start":{"line":31,"column":47},"end":{"line":31,"column":63}},"type":"binary-expr","locations":[{"start":{"line":31,"column":47},"end":{"line":31,"column":57}},{"start":{"line":31,"column":61},"end":{"line":31,"column":63}}],"line":31},"5":{"loc":{"start":{"line":36,"column":0},"end":{"line":125,"column":1}},"type":"binary-expr","locations":[{"start":{"line":36,"column":0},"end":{"line":36,"column":6}},{"start":{"line":38,"column":24},"end":{"line":125,"column":1}}],"line":36},"6":{"loc":{"start":{"line":42,"column":8},"end":{"line":42,"column":33}},"type":"if","locations":[{"start":{"line":42,"column":8},"end":{"line":42,"column":33}},{"start":{},"end":{}}],"line":42},"7":{"loc":{"start":{"line":56,"column":5},"end":{"line":58,"column":4}},"type":"binary-expr","locations":[{"start":{"line":56,"column":5},"end":{"line":56,"column":33}},{"start":{"line":56,"column":38},"end":{"line":58,"column":3}}],"line":56},"8":{"loc":{"start":{"line":65,"column":4},"end":{"line":65,"column":66}},"type":"if","locations":[{"start":{"line":65,"column":4},"end":{"line":65,"column":66}},{"start":{},"end":{}}],"line":65},"9":{"loc":{"start":{"line":66,"column":11},"end":{"line":66,"column":41}},"type":"binary-expr","locations":[{"start":{"line":66,"column":11},"end":{"line":66,"column":12}},{"start":{"line":66,"column":17},"end":{"line":66,"column":40}}],"line":66},"10":{"loc":{"start":{"line":66,"column":24},"end":{"line":66,"column":40}},"type":"binary-expr","locations":[{"start":{"line":66,"column":24},"end":{"line":66,"column":29}},{"start":{"line":66,"column":34},"end":{"line":66,"column":39}}],"line":66},"11":{"loc":{"start":{"line":67,"column":6},"end":{"line":67,"column":163}},"type":"if","locations":[{"start":{"line":67,"column":6},"end":{"line":67,"column":163}},{"start":{},"end":{}}],"line":67},"12":{"loc":{"start":{"line":67,"column":17},"end":{"line":67,"column":152}},"type":"binary-expr","locations":[{"start":{"line":67,"column":17},"end":{"line":67,"column":18}},{"start":{"line":67,"column":23},"end":{"line":67,"column":119}},{"start":{"line":67,"column":124},"end":{"line":67,"column":152}}],"line":67},"13":{"loc":{"start":{"line":67,"column":27},"end":{"line":67,"column":119}},"type":"cond-expr","locations":[{"start":{"line":67,"column":39},"end":{"line":67,"column":50}},{"start":{"line":67,"column":53},"end":{"line":67,"column":119}}],"line":67},"14":{"loc":{"start":{"line":67,"column":53},"end":{"line":67,"column":119}},"type":"cond-expr","locations":[{"start":{"line":67,"column":61},"end":{"line":67,"column":110}},{"start":{"line":67,"column":113},"end":{"line":67,"column":119}}],"line":67},"15":{"loc":{"start":{"line":67,"column":61},"end":{"line":67,"column":110}},"type":"binary-expr","locations":[{"start":{"line":67,"column":61},"end":{"line":67,"column":71}},{"start":{"line":67,"column":76},"end":{"line":67,"column":109}}],"line":67},"16":{"loc":{"start":{"line":67,"column":76},"end":{"line":67,"column":106}},"type":"binary-expr","locations":[{"start":{"line":67,"column":77},"end":{"line":67,"column":92}},{"start":{"line":67,"column":97},"end":{"line":67,"column":106}}],"line":67},"17":{"loc":{"start":{"line":68,"column":6},"end":{"line":68,"column":46}},"type":"if","locations":[{"start":{"line":68,"column":6},"end":{"line":68,"column":46}},{"start":{},"end":{}}],"line":68},"18":{"loc":{"start":{"line":69,"column":6},"end":{"line":111,"column":7}},"type":"switch","locations":[{"start":{"line":70,"column":8},"end":{"line":70,"column":15}},{"start":{"line":71,"column":8},"end":{"line":73,"column":16}},{"start":{"line":74,"column":8},"end":{"line":79,"column":12}},{"start":{"line":80,"column":8},"end":{"line":84,"column":19}},{"start":{"line":85,"column":8},"end":{"line":88,"column":19}},{"start":{"line":89,"column":8},"end":{"line":110,"column":19}}],"line":69},"19":{"loc":{"start":{"line":90,"column":10},"end":{"line":93,"column":11}},"type":"if","locations":[{"start":{"line":90,"column":10},"end":{"line":93,"column":11}},{"start":{},"end":{}}],"line":90},"20":{"loc":{"start":{"line":90,"column":14},"end":{"line":90,"column":96}},"type":"binary-expr","locations":[{"start":{"line":90,"column":14},"end":{"line":90,"column":64}},{"start":{"line":90,"column":69},"end":{"line":90,"column":80}},{"start":{"line":90,"column":84},"end":{"line":90,"column":95}}],"line":90},"21":{"loc":{"start":{"line":90,"column":32},"end":{"line":90,"column":63}},"type":"binary-expr","locations":[{"start":{"line":90,"column":32},"end":{"line":90,"column":44}},{"start":{"line":90,"column":48},"end":{"line":90,"column":63}}],"line":90},"22":{"loc":{"start":{"line":94,"column":10},"end":{"line":97,"column":11}},"type":"if","locations":[{"start":{"line":94,"column":10},"end":{"line":97,"column":11}},{"start":{},"end":{}}],"line":94},"23":{"loc":{"start":{"line":94,"column":14},"end":{"line":94,"column":65}},"type":"binary-expr","locations":[{"start":{"line":94,"column":14},"end":{"line":94,"column":25}},{"start":{"line":94,"column":30},"end":{"line":94,"column":32}},{"start":{"line":94,"column":36},"end":{"line":94,"column":48}},{"start":{"line":94,"column":52},"end":{"line":94,"column":64}}],"line":94},"24":{"loc":{"start":{"line":98,"column":10},"end":{"line":102,"column":11}},"type":"if","locations":[{"start":{"line":98,"column":10},"end":{"line":102,"column":11}},{"start":{},"end":{}}],"line":98},"25":{"loc":{"start":{"line":98,"column":14},"end":{"line":98,"column":43}},"type":"binary-expr","locations":[{"start":{"line":98,"column":14},"end":{"line":98,"column":25}},{"start":{"line":98,"column":29},"end":{"line":98,"column":43}}],"line":98},"26":{"loc":{"start":{"line":103,"column":10},"end":{"line":107,"column":11}},"type":"if","locations":[{"start":{"line":103,"column":10},"end":{"line":107,"column":11}},{"start":{},"end":{}}],"line":103},"27":{"loc":{"start":{"line":103,"column":14},"end":{"line":103,"column":33}},"type":"binary-expr","locations":[{"start":{"line":103,"column":14},"end":{"line":103,"column":15}},{"start":{"line":103,"column":19},"end":{"line":103,"column":33}}],"line":103},"28":{"loc":{"start":{"line":108,"column":10},"end":{"line":108,"column":32}},"type":"if","locations":[{"start":{"line":108,"column":10},"end":{"line":108,"column":32}},{"start":{},"end":{}}],"line":108},"29":{"loc":{"start":{"line":119,"column":4},"end":{"line":119,"column":31}},"type":"if","locations":[{"start":{"line":119,"column":4},"end":{"line":119,"column":31}},{"start":{},"end":{}}],"line":119},"30":{"loc":{"start":{"line":121,"column":13},"end":{"line":121,"column":35}},"type":"cond-expr","locations":[{"start":{"line":121,"column":21},"end":{"line":121,"column":26}},{"start":{"line":121,"column":29},"end":{"line":121,"column":35}}],"line":121},"31":{"loc":{"start":{"line":155,"column":10},"end":{"line":178,"column":11}},"type":"switch","locations":[{"start":{"line":156,"column":12},"end":{"line":158,"column":67}},{"start":{"line":159,"column":12},"end":{"line":171,"column":38}},{"start":{"line":172,"column":12},"end":{"line":175,"column":38}},{"start":{"line":176,"column":12},"end":{"line":177,"column":36}}],"line":155},"32":{"loc":{"start":{"line":161,"column":32},"end":{"line":161,"column":54}},"type":"cond-expr","locations":[{"start":{"line":161,"column":42},"end":{"line":161,"column":46}},{"start":{"line":161,"column":49},"end":{"line":161,"column":54}}],"line":161},"33":{"loc":{"start":{"line":162,"column":14},"end":{"line":170,"column":15}},"type":"if","locations":[{"start":{"line":162,"column":14},"end":{"line":170,"column":15}},{"start":{},"end":{}}],"line":162},"34":{"loc":{"start":{"line":185,"column":10},"end":{"line":191,"column":11}},"type":"switch","locations":[{"start":{"line":186,"column":12},"end":{"line":187,"column":47}},{"start":{"line":188,"column":12},"end":{"line":190,"column":36}}],"line":185},"35":{"loc":{"start":{"line":249,"column":8},"end":{"line":251,"column":57}},"type":"cond-expr","locations":[{"start":{"line":250,"column":15},"end":{"line":250,"column":99}},{"start":{"line":251,"column":14},"end":{"line":251,"column":57}}],"line":249},"36":{"loc":{"start":{"line":252,"column":8},"end":{"line":257,"column":57}},"type":"cond-expr","locations":[{"start":{"line":253,"column":15},"end":{"line":256,"column":44}},{"start":{"line":257,"column":14},"end":{"line":257,"column":57}}],"line":252}},"s":{"0":3,"1":8,"2":4,"3":8,"4":8,"5":8,"6":0,"7":0,"8":0,"9":0,"10":16,"11":8,"12":3,"13":8,"14":8,"15":0,"16":8,"17":8,"18":0,"19":24,"20":16,"21":16,"22":0,"23":16,"24":40,"25":40,"26":0,"27":40,"28":0,"29":40,"30":16,"31":16,"32":8,"33":8,"34":0,"35":0,"36":0,"37":0,"38":0,"39":0,"40":0,"41":16,"42":8,"43":8,"44":8,"45":4,"46":4,"47":4,"48":0,"49":0,"50":0,"51":4,"52":0,"53":0,"54":0,"55":4,"56":0,"57":4,"58":4,"59":20,"60":0,"61":0,"62":40,"63":8,"64":0,"65":8,"66":3,"67":3,"68":3,"69":3,"70":3,"71":3,"72":3,"73":3,"74":3,"75":4,"76":4,"77":4,"78":4,"79":4,"80":4,"81":4,"82":4,"83":12,"84":4,"85":4,"86":4,"87":4,"88":4,"89":2,"90":2,"91":2,"92":2,"93":2,"94":2,"95":2,"96":4,"97":0,"98":0,"99":0,"100":4,"101":4,"102":4,"103":4,"104":8,"105":4,"106":4,"107":4,"108":4,"109":2,"110":0,"111":12,"112":0,"113":0,"114":4,"115":4,"116":3,"117":3,"118":3,"119":6,"120":6,"121":6,"122":0,"123":0,"124":3},"f":{"0":8,"1":8,"2":4,"3":8,"4":8,"5":0,"6":16,"7":8,"8":8,"9":0,"10":24,"11":16,"12":16,"13":4,"14":4,"15":4,"16":12,"17":4,"18":4,"19":8,"20":2,"21":0,"22":12,"23":0,"24":0,"25":6,"26":0,"27":0},"b":{"0":[3,3],"1":[4,4],"2":[8,8],"3":[8,8],"4":[8,8],"5":[3,3],"6":[0,8],"7":[8,8],"8":[0,16],"9":[48,8],"10":[8,0],"11":[0,40],"12":[40,0,0],"13":[0,0],"14":[0,0],"15":[0,0],"16":[0,0],"17":[0,40],"18":[16,16,8,0,0,16],"19":[8,8],"20":[16,12,12],"21":[16,4],"22":[4,4],"23":[8,8,4,4],"24":[0,4],"25":[4,0],"26":[0,4],"27":[4,4],"28":[0,4],"29":[0,8],"30":[8,0],"31":[4,4,0,4],"32":[2,2],"33":[2,2],"34":[4,4],"35":[4,2],"36":[2,4]},"inputSourceMap":{"0":"{","1":"\"","2":"v","3":"e","4":"r","5":"s","6":"i","7":"o","8":"n","9":"\"","10":":","11":"3","12":",","13":"\"","14":"s","15":"o","16":"u","17":"r","18":"c","19":"e","20":"s","21":"\"","22":":","23":"[","24":"\"","25":"/","26":"m","27":"n","28":"t","29":"/","30":"c","31":"/","32":"U","33":"s","34":"e","35":"r","36":"s","37":"/","38":"s","39":"v","40":"a","41":"r","42":"t","43":"/","44":"m","45":"y","46":"F","47":"o","48":"l","49":"d","50":"e","51":"r","52":"/","53":"w","54":"o","55":"r","56":"k","57":"s","58":"h","59":"o","60":"p","61":"_","62":"m","63":"s","64":"a","65":"n","66":"o","67":"/","68":"p","69":"r","70":"j","71":"_","72":"o","73":"n","74":"y","75":"v","76":"a","77":"-","78":"v","79":"u","80":"e","81":"/","82":"s","83":"r","84":"c","85":"/","86":"c","87":"o","88":"m","89":"p","90":"o","91":"n","92":"e","93":"n","94":"t","95":"s","96":"/","97":"A","98":"u","99":"t","100":"h","101":"D","102":"a","103":"s","104":"h","105":"b","106":"o","107":"a","108":"r","109":"d","110":".","111":"v","112":"u","113":"e","114":"\"","115":"]","116":",","117":"\"","118":"n","119":"a","120":"m","121":"e","122":"s","123":"\"","124":":","125":"[","126":"]","127":",","128":"\"","129":"m","130":"a","131":"p","132":"p","133":"i","134":"n","135":"g","136":"s","137":"\"","138":":","139":"\"","140":";","141":";","142":"A","143":"A","144":"C","145":"A","146":",","147":"I","148":"A","149":"A","150":"I","151":",","152":"S","153":"A","154":"A","155":"S","156":";","157":"A","158":"A","159":"A","160":"I","161":";","162":"A","163":"A","164":"A","165":"A","166":";","167":"A","168":"A","169":"A","170":"Q","171":";","172":"A","173":"A","174":"A","175":"A","176":",","177":"S","178":"A","179":"A","180":"K","181":",","182":"S","183":"A","184":"A","185":"S","186":",","187":"I","188":"A","189":"A","190":"K","191":",","192":"U","193":"A","194":"A","195":"U","196":",","197":"O","198":"A","199":"A","200":"O","201":",","202":"E","203":"A","204":"A","205":"E","206":",","207":"U","208":"A","209":"A","210":"U","211":",","212":"E","213":"A","214":"A","215":"E","216":",","217":"C","218":"A","219":"A","220":"C","221":",","222":"E","223":"A","224":"A","225":"E","226":",","227":"S","228":"A","229":"A","230":"S","231":",","232":"E","233":"A","234":"A","235":"E","236":";","237":"E","238":"A","239":"C","240":"r","241":"F","242":",","243":"S","244":"A","245":"A","246":"S","247":",","248":"K","249":"A","250":"A","251":"K","252":",","253":"C","254":"A","255":"A","256":"C","257":",","258":"K","259":"A","260":"A","261":"K","262":",","263":"E","264":"A","265":"A","266":"E","267":";","268":"I","269":"A","270":"A","271":"E","272":",","273":"O","274":"A","275":"A","276":"O","277":",","278":"K","279":"A","280":"A","281":"K","282":",","283":"Y","284":"A","285":"A","286":"Y","287":",","288":"C","289":"A","290":"A","291":"C","292":",","293":"G","294":"A","295":"A","296":"G","297":",","298":"K","299":"A","300":"A","301":"K","302":",","303":"G","304":"A","305":"A","306":"G","307":",","308":"I","309":"A","310":"A","311":"I","312":",","313":"C","314":"A","315":"A","316":"C","317":",","318":"C","319":"A","320":"A","321":"C","322":",","323":"U","324":"A","325":"A","326":"U","327":",","328":"O","329":"A","330":"A","331":"O","332":",","333":"E","334":"A","335":"A","336":"E","337":";","338":"M","339":"A","340":"A","341":"E","342":",","343":"O","344":"A","345":"A","346":"O","347":",","348":"C","349":"A","350":"A","351":"C","352":",","353":"K","354":"A","355":"A","356":"K","357":",","358":"C","359":"A","360":"A","361":"C","362":";","363":"I","364":"A","365":"A","366":"E","367":",","368":"C","369":"A","370":"A","371":"C","372":",","373":"C","374":"A","375":"A","376":"C","377":";","378":"E","379":"A","380":"A","381":"E","382":";","383":"E","384":"A","385":"C","386":"3","387":"G","388":",","389":"O","390":"A","391":"A","392":"O","393":",","394":"K","395":"A","396":"A","397":"K","398":",","399":"C","400":"A","401":"A","402":"C","403":",","404":"K","405":"A","406":"A","407":"K","408":",","409":"C","410":"A","411":"A","412":"C","413":",","414":"G","415":"A","416":"A","417":"G","418":",","419":"O","420":"A","421":"A","422":"O","423":",","424":"C","425":"A","426":"A","427":"C","428":",","429":"E","430":"A","431":"A","432":"E","433":",","434":"U","435":"A","436":"A","437":"U","438":",","439":"O","440":"A","441":"A","442":"O","443":",","444":"E","445":"A","446":"A","447":"E","448":",","449":"M","450":"A","451":"A","452":"M","453":",","454":"E","455":"A","456":"A","457":"E","458":";","459":"I","460":"A","461":"C","462":"v","463":"D","464":",","465":"S","466":"A","467":"A","468":"S","469":",","470":"S","471":"A","472":"A","473":"S","474":",","475":"C","476":"A","477":"A","478":"C","479":",","480":"K","481":"A","482":"A","483":"K","484":",","485":"E","486":"A","487":"A","488":"E","489":";","490":"M","491":"A","492":"A","493":"E","494":",","495":"I","496":"A","497":"A","498":"I","499":";","500":"Q","501":"A","502":"A","503":"E","504":",","505":"I","506":"A","507":"A","508":"I","509":",","510":"C","511":"A","512":"A","513":"C","514":",","515":"S","516":"A","517":"A","518":"S","519":",","520":"C","521":"A","522":"A","523":"C","524":",","525":"I","526":"A","527":"A","528":"I","529":",","530":"C","531":"A","532":"A","533":"C","534":",","535":"K","536":"A","537":"A","538":"K","539":",","540":"C","541":"A","542":"A","543":"C","544":",","545":"C","546":"A","547":"A","548":"C","549":";","550":"M","551":"A","552":"A","553":"E","554":",","555":"C","556":"A","557":"A","558":"C","559":",","560":"C","561":"A","562":"A","563":"C","564":",","565":"O","566":"A","567":"A","568":"O","569":",","570":"C","571":"A","572":"A","573":"C","574":",","575":"E","576":"A","577":"A","578":"E","579":";","580":"Q","581":"A","582":"A","583":"E","584":",","585":"M","586":"A","587":"A","588":"M","589":",","590":"C","591":"A","592":"A","593":"C","594":",","595":"C","596":"A","597":"A","598":"C","599":",","600":"C","601":"A","602":"A","603":"C","604":";","605":"M","606":"A","607":"A","608":"E","609":";","610":"I","611":"A","612":"A","613":"E","614":";","615":"I","616":"A","617":"C","618":"1","619":"F","620":",","621":"S","622":"A","623":"A","624":"S","625":",","626":"Q","627":"A","628":"A","629":"Q","630":",","631":"C","632":"A","633":"A","634":"C","635":",","636":"K","637":"A","638":"A","639":"K","640":",","641":"E","642":"A","643":"A","644":"E","645":";","646":"M","647":"A","648":"A","649":"E","650":",","651":"I","652":"A","653":"A","654":"I","655":";","656":"Q","657":"A","658":"A","659":"E","660":",","661":"I","662":"A","663":"A","664":"I","665":",","666":"C","667":"A","668":"A","669":"C","670":",","671":"S","672":"A","673":"A","674":"S","675":",","676":"C","677":"A","678":"A","679":"C","680":",","681":"O","682":"A","683":"A","684":"O","685":",","686":"C","687":"A","688":"A","689":"C","690":",","691":"C","692":"A","693":"A","694":"C","695":",","696":"K","697":"A","698":"A","699":"K","700":",","701":"C","702":"A","703":"A","704":"C","705":",","706":"C","707":"A","708":"A","709":"C","710":";","711":"M","712":"A","713":"A","714":"E","715":",","716":"C","717":"A","718":"A","719":"C","720":",","721":"C","722":"A","723":"A","724":"C","725":",","726":"O","727":"A","728":"A","729":"O","730":",","731":"C","732":"A","733":"A","734":"C","735":",","736":"E","737":"A","738":"A","739":"E","740":";","741":"Q","742":"A","743":"A","744":"E","745":",","746":"M","747":"A","748":"A","749":"M","750":",","751":"C","752":"A","753":"A","754":"C","755":",","756":"C","757":"A","758":"A","759":"C","760":",","761":"C","762":"A","763":"A","764":"C","765":";","766":"M","767":"A","768":"A","769":"E","770":";","771":"I","772":"A","773":"A","774":"E","775":";","776":"I","777":"A","778":"C","779":"7","780":"F","781":",","782":"S","783":"A","784":"A","785":"S","786":",","787":"I","788":"A","789":"A","790":"I","791":",","792":"C","793":"A","794":"A","795":"C","796":",","797":"M","798":"A","799":"A","800":"M","801":",","802":"E","803":"A","804":"A","805":"E","806":";","807":"M","808":"A","809":"A","810":"E","811":",","812":"M","813":"A","814":"A","815":"M","816":",","817":"C","818":"A","819":"A","820":"C","821":",","822":"I","823":"A","824":"A","825":"I","826":",","827":"G","828":"A","829":"A","830":"G","831":",","832":"O","833":"A","834":"A","835":"O","836":",","837":"C","838":"A","839":"A","840":"C","841":",","842":"M","843":"A","844":"A","845":"M","846":",","847":"C","848":"A","849":"A","850":"C","851":",","852":"K","853":"A","854":"A","855":"K","856":",","857":"C","858":"A","859":"A","860":"C","861":",","862":"G","863":"A","864":"A","865":"G","866":",","867":"K","868":"A","869":"A","870":"K","871":",","872":"C","873":"A","874":"A","875":"C","876":",","877":"M","878":"A","879":"A","880":"M","881":",","882":"C","883":"A","884":"A","885":"C","886":",","887":"K","888":"A","889":"A","890":"K","891":",","892":"C","893":"A","894":"A","895":"C","896":",","897":"C","898":"A","899":"A","900":"C","901":",","902":"I","903":"A","904":"A","905":"I","906":",","907":"C","908":"A","909":"A","910":"C","911":",","912":"S","913":"A","914":"A","915":"S","916":",","917":"E","918":"A","919":"A","920":"E","921":",","922":"Q","923":"A","924":"A","925":"Q","926":",","927":"C","928":"A","929":"A","930":"C","931":";","932":"I","933":"A","934":"A","935":"E","936":";","937":"I","938":"A","939":"C","940":"7","941":"G","942":",","943":"I","944":"A","945":"A","946":"I","947":",","948":"C","949":"A","950":"A","951":"C","952":",","953":"C","954":"A","955":"A","956":"C","957":",","958":"S","959":"A","960":"A","961":"S","962":",","963":"G","964":"A","965":"A","966":"G","967":",","968":"S","969":"A","970":"A","971":"S","972":",","973":"C","974":"A","975":"A","976":"C","977":",","978":"K","979":"A","980":"A","981":"K","982":",","983":"C","984":"A","985":"A","986":"C","987":",","988":"O","989":"A","990":"A","991":"O","992":",","993":"E","994":"A","995":"A","996":"E","997":",","998":"U","999":"A","1000":"A","1001":"U","1002":",","1003":"I","1004":"A","1005":"A","1006":"I","1007":",","1008":"E","1009":"A","1010":"A","1011":"E","1012":",","1013":"C","1014":"A","1015":"A","1016":"C","1017":",","1018":"E","1019":"A","1020":"A","1021":"E","1022":",","1023":"I","1024":"A","1025":"A","1026":"I","1027":",","1028":"C","1029":"A","1030":"A","1031":"C","1032":",","1033":"C","1034":"A","1035":"A","1036":"C","1037":",","1038":"C","1039":"A","1040":"A","1041":"C","1042":";","1043":";","1044":";","1045":";","1046":";","1047":";","1048":";","1049":";","1050":";","1051":";","1052":";","1053":";","1054":";","1055":";","1056":";","1057":";","1058":";","1059":";","1060":";","1061":";","1062":";","1063":";","1064":";","1065":";","1066":";","1067":";","1068":";","1069":";","1070":"E","1071":"A","1072":"P","1073":"z","1074":"E","1075":",","1076":"S","1077":"A","1078":"A","1079":"S","1080":",","1081":"I","1082":"A","1083":"A","1084":"I","1085":",","1086":"C","1087":"A","1088":"A","1089":"C","1090":",","1091":"C","1092":"A","1093":"A","1094":"C","1095":",","1096":"E","1097":"A","1098":"A","1099":"E","1100":";","1101":"I","1102":"A","1103":"A","1104":"E","1105":",","1106":"O","1107":"A","1108":"A","1109":"O","1110":",","1111":"U","1112":"A","1113":"A","1114":"U","1115":",","1116":"C","1117":"A","1118":"A","1119":"C","1120":",","1121":"E","1122":"A","1123":"A","1124":"E","1125":";","1126":"M","1127":"A","1128":"A","1129":"E","1130":",","1131":"O","1132":"A","1133":"A","1134":"O","1135":",","1136":"I","1137":"A","1138":"A","1139":"I","1140":",","1141":"C","1142":"A","1143":"A","1144":"C","1145":",","1146":"C","1147":"A","1148":"A","1149":"C","1150":",","1151":"C","1152":"A","1153":"A","1154":"C","1155":",","1156":"E","1157":"A","1158":"A","1159":"E","1160":",","1161":"C","1162":"A","1163":"A","1164":"C","1165":",","1166":"C","1167":"A","1168":"A","1169":"C","1170":",","1171":"C","1172":"A","1173":"A","1174":"C","1175":";","1176":"I","1177":"A","1178":"A","1179":"E","1180":",","1181":"C","1182":"A","1183":"A","1184":"C","1185":";","1186":"E","1187":"A","1188":"A","1189":"E","1190":";","1191":"E","1192":"A","1193":"Q","1194":"j","1195":"E","1196":",","1197":"S","1198":"A","1199":"A","1200":"S","1201":",","1202":"I","1203":"A","1204":"A","1205":"I","1206":",","1207":"C","1208":"A","1209":"A","1210":"C","1211":",","1212":"E","1213":"A","1214":"A","1215":"E","1216":",","1217":"E","1218":"A","1219":"A","1220":"E","1221":";","1222":"I","1223":"A","1224":"C","1225":"d","1226":",","1227":"I","1228":"A","1229":"A","1230":"I","1231":",","1232":"C","1233":"A","1234":"A","1235":"C","1236":",","1237":"E","1238":"A","1239":"A","1240":"E","1241":",","1242":"M","1243":"A","1244":"A","1245":"M","1246":",","1247":"I","1248":"A","1249":"A","1250":"I","1251":",","1252":"S","1253":"A","1254":"A","1255":"S","1256":",","1257":"C","1258":"A","1259":"A","1260":"C","1261":",","1262":"i","1263":"C","1264":"A","1265":"A","1266":"i","1267":"C","1268":",","1269":"C","1270":"A","1271":"A","1272":"C","1273":";","1274":"I","1275":"A","1276":"C","1277":"7","1278":"D","1279":",","1280":"O","1281":"A","1282":"A","1283":"O","1284":",","1285":"C","1286":"A","1287":"A","1288":"C","1289":",","1290":"K","1291":"A","1292":"A","1293":"K","1294":",","1295":"C","1296":"A","1297":"A","1298":"C","1299":",","1300":"G","1301":"A","1302":"A","1303":"G","1304":",","1305":"C","1306":"A","1307":"A","1308":"C","1309":",","1310":"E","1311":"A","1312":"A","1313":"E","1314":",","1315":"E","1316":"A","1317":"A","1318":"E","1319":",","1320":"C","1321":"A","1322":"A","1323":"C","1324":",","1325":"C","1326":"A","1327":"A","1328":"C","1329":",","1330":"C","1331":"A","1332":"A","1333":"C","1334":",","1335":"K","1336":"A","1337":"A","1338":"K","1339":",","1340":"C","1341":"A","1342":"A","1343":"C","1344":",","1345":"G","1346":"A","1347":"A","1348":"G","1349":",","1350":"C","1351":"A","1352":"A","1353":"C","1354":",","1355":"C","1356":"A","1357":"A","1358":"C","1359":",","1360":"C","1361":"A","1362":"A","1363":"C","1364":",","1365":"E","1366":"A","1367":"A","1368":"E","1369":",","1370":"C","1371":"A","1372":"A","1373":"C","1374":",","1375":"E","1376":"A","1377":"A","1378":"E","1379":",","1380":"I","1381":"A","1382":"A","1383":"I","1384":";","1385":"M","1386":"A","1387":"C","1388":"1","1389":"C","1390":",","1391":"I","1392":"A","1393":"A","1394":"I","1395":",","1396":"C","1397":"A","1398":"A","1399":"C","1400":",","1401":"G","1402":"A","1403":"A","1404":"G","1405":",","1406":"C","1407":"A","1408":"A","1409":"C","1410":",","1411":"E","1412":"A","1413":"A","1414":"E","1415":",","1416":"C","1417":"A","1418":"A","1419":"C","1420":",","1421":"K","1422":"A","1423":"A","1424":"K","1425":",","1426":"C","1427":"A","1428":"A","1429":"C","1430":",","1431":"G","1432":"A","1433":"A","1434":"G","1435":",","1436":"E","1437":"A","1438":"A","1439":"E","1440":",","1441":"C","1442":"A","1443":"A","1444":"C","1445":",","1446":"C","1447":"A","1448":"A","1449":"C","1450":",","1451":"C","1452":"A","1453":"A","1454":"C","1455":",","1456":"G","1457":"A","1458":"A","1459":"G","1460":",","1461":"C","1462":"A","1463":"A","1464":"C","1465":",","1466":"G","1467":"A","1468":"A","1469":"G","1470":",","1471":"C","1472":"A","1473":"A","1474":"C","1475":",","1476":"C","1477":"A","1478":"A","1479":"C","1480":",","1481":"Q","1482":"A","1483":"A","1484":"Q","1485":",","1486":"C","1487":"A","1488":"A","1489":"C","1490":",","1491":"G","1492":"A","1493":"A","1494":"G","1495":",","1496":"E","1497":"A","1498":"A","1499":"E","1500":",","1501":"C","1502":"A","1503":"A","1504":"C","1505":",","1506":"C","1507":"A","1508":"A","1509":"C","1510":",","1511":"C","1512":"A","1513":"A","1514":"C","1515":",","1516":"G","1517":"A","1518":"A","1519":"G","1520":",","1521":"C","1522":"A","1523":"A","1524":"C","1525":",","1526":"C","1527":"A","1528":"A","1529":"C","1530":",","1531":"O","1532":"A","1533":"A","1534":"O","1535":",","1536":"C","1537":"A","1538":"A","1539":"C","1540":",","1541":"K","1542":"A","1543":"A","1544":"K","1545":",","1546":"C","1547":"A","1548":"A","1549":"C","1550":",","1551":"C","1552":"A","1553":"A","1554":"C","1555":",","1556":"G","1557":"A","1558":"A","1559":"G","1560":",","1561":"C","1562":"A","1563":"A","1564":"C","1565":",","1566":"C","1567":"A","1568":"A","1569":"C","1570":",","1571":"Q","1572":"A","1573":"A","1574":"Q","1575":",","1576":"C","1577":"A","1578":"A","1579":"C","1580":",","1581":"K","1582":"A","1583":"A","1584":"K","1585":",","1586":"C","1587":"A","1588":"A","1589":"C","1590":",","1591":"C","1592":"A","1593":"A","1594":"C","1595":",","1596":"I","1597":"A","1598":"A","1599":"I","1600":",","1601":"C","1602":"A","1603":"A","1604":"C","1605":",","1606":"C","1607":"A","1608":"A","1609":"C","1610":",","1611":"C","1612":"A","1613":"A","1614":"C","1615":",","1616":"E","1617":"A","1618":"A","1619":"E","1620":",","1621":"C","1622":"A","1623":"A","1624":"C","1625":",","1626":"C","1627":"A","1628":"A","1629":"C","1630":",","1631":"G","1632":"A","1633":"A","1634":"G","1635":",","1636":"C","1637":"A","1638":"A","1639":"C","1640":",","1641":"C","1642":"A","1643":"A","1644":"C","1645":",","1646":"I","1647":"A","1648":"A","1649":"I","1650":",","1651":"C","1652":"A","1653":"A","1654":"C","1655":",","1656":"I","1657":"A","1658":"A","1659":"I","1660":",","1661":"C","1662":"A","1663":"A","1664":"C","1665":",","1666":"C","1667":"A","1668":"A","1669":"C","1670":",","1671":"C","1672":"A","1673":"A","1674":"C","1675":",","1676":"G","1677":"A","1678":"A","1679":"G","1680":",","1681":"C","1682":"A","1683":"A","1684":"C","1685":",","1686":"C","1687":"A","1688":"A","1689":"C","1690":",","1691":"I","1692":"A","1693":"A","1694":"I","1695":",","1696":"C","1697":"A","1698":"A","1699":"C","1700":",","1701":"C","1702":"A","1703":"A","1704":"C","1705":",","1706":"E","1707":"A","1708":"A","1709":"E","1710":",","1711":"E","1712":"A","1713":"A","1714":"E","1715":",","1716":"C","1717":"A","1718":"A","1719":"C","1720":",","1721":"C","1722":"A","1723":"A","1724":"C","1725":",","1726":"C","1727":"A","1728":"A","1729":"C","1730":",","1731":"C","1732":"A","1733":"A","1734":"C","1735":",","1736":"E","1737":"A","1738":"A","1739":"E","1740":",","1741":"I","1742":"A","1743":"A","1744":"I","1745":",","1746":"E","1747":"A","1748":"A","1749":"E","1750":",","1751":"O","1752":"A","1753":"A","1754":"O","1755":",","1756":"C","1757":"A","1758":"A","1759":"C","1760":";","1761":"M","1762":"A","1763":"C","1764":"5","1765":"J","1766":",","1767":"I","1768":"A","1769":"A","1770":"I","1771":",","1772":"C","1773":"A","1774":"A","1775":"C","1776":",","1777":"G","1778":"A","1779":"A","1780":"G","1781":",","1782":"C","1783":"A","1784":"A","1785":"C","1786":",","1787":"E","1788":"A","1789":"A","1790":"E","1791":",","1792":"C","1793":"A","1794":"A","1795":"C","1796":",","1797":"E","1798":"A","1799":"A","1800":"E","1801":",","1802":"E","1803":"A","1804":"A","1805":"E","1806":",","1807":"G","1808":"A","1809":"A","1810":"G","1811":",","1812":"C","1813":"A","1814":"A","1815":"C","1816":",","1817":"E","1818":"A","1819":"A","1820":"E","1821":",","1822":"C","1823":"A","1824":"A","1825":"C","1826":",","1827":"C","1828":"A","1829":"A","1830":"C","1831":",","1832":"C","1833":"A","1834":"A","1835":"C","1836":",","1837":"G","1838":"A","1839":"A","1840":"G","1841":",","1842":"C","1843":"A","1844":"A","1845":"C","1846":",","1847":"E","1848":"A","1849":"A","1850":"E","1851":",","1852":"C","1853":"A","1854":"A","1855":"C","1856":",","1857":"C","1858":"A","1859":"A","1860":"C","1861":",","1862":"K","1863":"A","1864":"A","1865":"K","1866":",","1867":"C","1868":"A","1869":"A","1870":"C","1871":";","1872":"M","1873":"A","1874":"C","1875":"v","1876":"C","1877":",","1878":"Q","1879":"A","1880":"A","1881":"Q","1882":",","1883":"E","1884":"A","1885":"A","1886":"E","1887":",","1888":"C","1889":"A","1890":"A","1891":"C","1892":",","1893":"C","1894":"A","1895":"A","1896":"C","1897":",","1898":"C","1899":"A","1900":"A","1901":"C","1902":";","1903":"Q","1904":"A","1905":"C","1906":"T","1907":",","1908":"K","1909":"A","1910":"A","1911":"K","1912":",","1913":"C","1914":"A","1915":"A","1916":"C","1917":";","1918":"Q","1919":"A","1920":"A","1921":"E","1922":",","1923":"K","1924":"A","1925":"A","1926":"K","1927":",","1928":"C","1929":"A","1930":"A","1931":"C","1932":";","1933":"U","1934":"A","1935":"A","1936":"E","1937":",","1938":"C","1939":"A","1940":"A","1941":"C","1942":",","1943":"G","1944":"A","1945":"A","1946":"G","1947":",","1948":"E","1949":"A","1950":"A","1951":"E","1952":";","1953":"U","1954":"A","1955":"A","1956":"E","1957":";","1958":"Q","1959":"A","1960":"C","1961":"x","1962":"B","1963":",","1964":"K","1965":"A","1966":"A","1967":"K","1968":",","1969":"C","1970":"A","1971":"A","1972":"C","1973":";","1974":"U","1975":"A","1976":"A","1977":"E","1978":",","1979":"C","1980":"A","1981":"A","1982":"C","1983":",","1984":"C","1985":"A","1986":"A","1987":"C","1988":",","1989":"K","1990":"A","1991":"A","1992":"K","1993":",","1994":"E","1995":"A","1996":"A","1997":"E","1998":";","1999":"U","2000":"A","2001":"A","2002":"E","2003":",","2004":"O","2005":"A","2006":"A","2007":"O","2008":";","2009":"Y","2010":"A","2011":"A","2012":"E","2013":",","2014":"K","2015":"A","2016":"A","2017":"K","2018":",","2019":"E","2020":"A","2021":"A","2022":"E","2023":",","2024":"E","2025":"A","2026":"A","2027":"E","2028":",","2029":"C","2030":"A","2031":"A","2032":"C","2033":",","2034":"C","2035":"A","2036":"A","2037":"C","2038":",","2039":"C","2040":"A","2041":"A","2042":"C","2043":";","2044":"Y","2045":"A","2046":"A","2047":"E","2048":",","2049":"I","2050":"A","2051":"A","2052":"I","2053":",","2054":"E","2055":"A","2056":"A","2057":"E","2058":";","2059":"U","2060":"A","2061":"A","2062":"M","2063":",","2064":"C","2065":"A","2066":"A","2067":"C","2068":";","2069":"Q","2070":"A","2071":"C","2072":"v","2073":"D","2074":",","2075":"K","2076":"A","2077":"A","2078":"K","2079":",","2080":"C","2081":"A","2082":"A","2083":"C","2084":";","2085":"U","2086":"A","2087":"A","2088":"E","2089":",","2090":"C","2091":"A","2092":"A","2093":"C","2094":",","2095":"C","2096":"A","2097":"A","2098":"C","2099":",","2100":"K","2101":"A","2102":"A","2103":"K","2104":",","2105":"E","2106":"A","2107":"A","2108":"E","2109":";","2110":"U","2111":"A","2112":"A","2113":"E","2114":",","2115":"C","2116":"A","2117":"A","2118":"C","2119":",","2120":"G","2121":"A","2122":"A","2123":"G","2124":",","2125":"E","2126":"A","2127":"A","2128":"E","2129":",","2130":"C","2131":"A","2132":"A","2133":"C","2134":",","2135":"C","2136":"A","2137":"A","2138":"C","2139":",","2140":"C","2141":"A","2142":"A","2143":"C","2144":";","2145":"U","2146":"A","2147":"A","2148":"E","2149":",","2150":"E","2151":"A","2152":"A","2153":"E","2154":",","2155":"G","2156":"A","2157":"A","2158":"G","2159":",","2160":"C","2161":"A","2162":"A","2163":"C","2164":",","2165":"C","2166":"A","2167":"A","2168":"C","2169":",","2170":"C","2171":"A","2172":"A","2173":"C","2174":";","2175":"U","2176":"A","2177":"A","2178":"E","2179":";","2180":"Q","2181":"A","2182":"C","2183":"x","2184":"C","2185":",","2186":"K","2187":"A","2188":"A","2189":"K","2190":",","2191":"C","2192":"A","2193":"A","2194":"C","2195":";","2196":"U","2197":"A","2198":"A","2199":"E","2200":",","2201":"E","2202":"A","2203":"A","2204":"E","2205":",","2206":"G","2207":"A","2208":"A","2209":"G","2210":",","2211":"C","2212":"A","2213":"A","2214":"C","2215":",","2216":"C","2217":"A","2218":"A","2219":"C","2220":",","2221":"G","2222":"A","2223":"A","2224":"G","2225":",","2226":"C","2227":"A","2228":"A","2229":"C","2230":",","2231":"G","2232":"A","2233":"A","2234":"G","2235":",","2236":"C","2237":"A","2238":"A","2239":"C","2240":",","2241":"C","2242":"A","2243":"A","2244":"C","2245":";","2246":"U","2247":"A","2248":"A","2249":"E","2250":",","2251":"C","2252":"A","2253":"A","2254":"C","2255":",","2256":"C","2257":"A","2258":"A","2259":"C","2260":",","2261":"I","2262":"A","2263":"A","2264":"I","2265":",","2266":"C","2267":"A","2268":"A","2269":"C","2270":",","2271":"G","2272":"A","2273":"A","2274":"G","2275":",","2276":"C","2277":"A","2278":"A","2279":"C","2280":",","2281":"C","2282":"A","2283":"A","2284":"C","2285":";","2286":"U","2287":"A","2288":"A","2289":"E","2290":";","2291":"Q","2292":"A","2293":"C","2294":"x","2295":"C","2296":";","2297":"U","2298":"A","2299":"C","2300":"I","2301":",","2302":"I","2303":"A","2304":"A","2305":"I","2306":",","2307":"E","2308":"A","2309":"A","2310":"E","2311":",","2312":"C","2313":"A","2314":"A","2315":"C","2316":",","2317":"G","2318":"A","2319":"A","2320":"G","2321":",","2322":"C","2323":"A","2324":"A","2325":"C","2326":",","2327":"C","2328":"A","2329":"A","2330":"C","2331":",","2332":"I","2333":"A","2334":"A","2335":"I","2336":",","2337":"E","2338":"A","2339":"A","2340":"E","2341":",","2342":"C","2343":"A","2344":"A","2345":"C","2346":",","2347":"G","2348":"A","2349":"A","2350":"G","2351":",","2352":"C","2353":"A","2354":"A","2355":"C","2356":",","2357":"C","2358":"A","2359":"A","2360":"C","2361":",","2362":"M","2363":"A","2364":"A","2365":"M","2366":",","2367":"G","2368":"A","2369":"A","2370":"G","2371":",","2372":"C","2373":"A","2374":"A","2375":"C","2376":",","2377":"I","2378":"A","2379":"A","2380":"I","2381":",","2382":"C","2383":"A","2384":"A","2385":"C","2386":",","2387":"C","2388":"A","2389":"A","2390":"C","2391":",","2392":"C","2393":"A","2394":"A","2395":"C","2396":",","2397":"C","2398":"A","2399":"A","2400":"C","2401":",","2402":"M","2403":"A","2404":"A","2405":"M","2406":",","2407":"G","2408":"A","2409":"A","2410":"G","2411":",","2412":"C","2413":"A","2414":"A","2415":"C","2416":",","2417":"C","2418":"A","2419":"A","2420":"C","2421":",","2422":"C","2423":"A","2424":"A","2425":"C","2426":",","2427":"K","2428":"A","2429":"A","2430":"K","2431":",","2432":"E","2433":"A","2434":"A","2435":"E","2436":",","2437":"C","2438":"A","2439":"A","2440":"C","2441":",","2442":"C","2443":"A","2444":"A","2445":"C","2446":",","2447":"C","2448":"A","2449":"A","2450":"C","2451":",","2452":"K","2453":"A","2454":"A","2455":"K","2456":",","2457":"C","2458":"A","2459":"A","2460":"C","2461":",","2462":"I","2463":"A","2464":"A","2465":"I","2466":",","2467":"E","2468":"A","2469":"A","2470":"E","2471":",","2472":"C","2473":"A","2474":"A","2475":"C","2476":",","2477":"C","2478":"A","2479":"A","2480":"C","2481":",","2482":"C","2483":"A","2484":"A","2485":"C","2486":",","2487":"K","2488":"A","2489":"A","2490":"K","2491":",","2492":"C","2493":"A","2494":"A","2495":"C","2496":",","2497":"C","2498":"A","2499":"A","2500":"C","2501":",","2502":"E","2503":"A","2504":"A","2505":"E","2506":";","2507":"Y","2508":"A","2509":"A","2510":"E","2511":",","2512":"C","2513":"A","2514":"A","2515":"C","2516":",","2517":"G","2518":"A","2519":"A","2520":"G","2521":",","2522":"C","2523":"A","2524":"A","2525":"C","2526":";","2527":"Y","2528":"A","2529":"A","2530":"E","2531":";","2532":"U","2533":"A","2534":"A","2535":"U","2536":";","2537":"U","2538":"A","2539":"C","2540":"3","2541":"G","2542":",","2543":"I","2544":"A","2545":"A","2546":"I","2547":",","2548":"E","2549":"A","2550":"A","2551":"E","2552":",","2553":"C","2554":"A","2555":"A","2556":"C","2557":",","2558":"C","2559":"A","2560":"A","2561":"C","2562":",","2563":"C","2564":"A","2565":"A","2566":"C","2567":",","2568":"K","2569":"A","2570":"A","2571":"K","2572":",","2573":"C","2574":"A","2575":"A","2576":"C","2577":",","2578":"K","2579":"A","2580":"A","2581":"K","2582":",","2583":"C","2584":"A","2585":"A","2586":"C","2587":",","2588":"C","2589":"A","2590":"A","2591":"C","2592":",","2593":"I","2594":"A","2595":"A","2596":"K","2597":",","2598":"E","2599":"A","2600":"A","2601":"E","2602":",","2603":"C","2604":"A","2605":"A","2606":"C","2607":",","2608":"C","2609":"A","2610":"A","2611":"C","2612":",","2613":"C","2614":"A","2615":"A","2616":"C","2617":",","2618":"G","2619":"A","2620":"A","2621":"G","2622":",","2623":"C","2624":"A","2625":"A","2626":"C","2627":",","2628":"C","2629":"A","2630":"A","2631":"C","2632":",","2633":"C","2634":"A","2635":"A","2636":"C","2637":",","2638":"C","2639":"A","2640":"A","2641":"C","2642":",","2643":"I","2644":"A","2645":"A","2646":"I","2647":",","2648":"E","2649":"A","2650":"A","2651":"E","2652":",","2653":"C","2654":"A","2655":"A","2656":"C","2657":",","2658":"C","2659":"A","2660":"A","2661":"C","2662":",","2663":"C","2664":"A","2665":"A","2666":"C","2667":",","2668":"G","2669":"A","2670":"A","2671":"G","2672":",","2673":"C","2674":"A","2675":"A","2676":"C","2677":",","2678":"C","2679":"A","2680":"A","2681":"C","2682":",","2683":"C","2684":"A","2685":"A","2686":"C","2687":",","2688":"C","2689":"A","2690":"A","2691":"E","2692":",","2693":"C","2694":"A","2695":"A","2696":"C","2697":",","2698":"E","2699":"A","2700":"A","2701":"E","2702":";","2703":"Y","2704":"A","2705":"A","2706":"E","2707":",","2708":"C","2709":"A","2710":"A","2711":"C","2712":",","2713":"C","2714":"A","2715":"A","2716":"C","2717":",","2718":"K","2719":"A","2720":"A","2721":"K","2722":",","2723":"G","2724":"A","2725":"A","2726":"G","2727":",","2728":"E","2729":"A","2730":"A","2731":"E","2732":",","2733":"C","2734":"A","2735":"A","2736":"C","2737":",","2738":"C","2739":"A","2740":"A","2741":"C","2742":",","2743":"C","2744":"A","2745":"A","2746":"C","2747":";","2748":"Y","2749":"A","2750":"A","2751":"E","2752":";","2753":"U","2754":"A","2755":"A","2756":"O","2757":";","2758":"U","2759":"A","2760":"C","2761":"r","2762":"F","2763":",","2764":"I","2765":"A","2766":"A","2767":"I","2768":",","2769":"E","2770":"A","2771":"A","2772":"E","2773":",","2774":"C","2775":"A","2776":"A","2777":"C","2778":",","2779":"C","2780":"A","2781":"A","2782":"C","2783":",","2784":"C","2785":"A","2786":"A","2787":"C","2788":",","2789":"K","2790":"A","2791":"A","2792":"K","2793":",","2794":"C","2795":"A","2796":"A","2797":"C","2798":",","2799":"I","2800":"A","2801":"A","2802":"I","2803":",","2804":"C","2805":"A","2806":"A","2807":"C","2808":",","2809":"C","2810":"A","2811":"A","2812":"C","2813":",","2814":"K","2815":"A","2816":"A","2817":"K","2818":",","2819":"G","2820":"A","2821":"A","2822":"G","2823":",","2824":"C","2825":"A","2826":"A","2827":"C","2828":",","2829":"C","2830":"A","2831":"A","2832":"C","2833":",","2834":"C","2835":"A","2836":"A","2837":"C","2838":",","2839":"C","2840":"A","2841":"A","2842":"C","2843":",","2844":"E","2845":"A","2846":"A","2847":"E","2848":";","2849":"Y","2850":"A","2851":"A","2852":"E","2853":",","2854":"C","2855":"A","2856":"A","2857":"C","2858":",","2859":"C","2860":"A","2861":"A","2862":"C","2863":",","2864":"K","2865":"A","2866":"A","2867":"K","2868":",","2869":"G","2870":"A","2871":"A","2872":"G","2873":",","2874":"C","2875":"A","2876":"A","2877":"C","2878":",","2879":"C","2880":"A","2881":"A","2882":"C","2883":",","2884":"C","2885":"A","2886":"A","2887":"C","2888":",","2889":"C","2890":"A","2891":"A","2892":"C","2893":";","2894":"Y","2895":"A","2896":"A","2897":"E","2898":",","2899":"C","2900":"A","2901":"A","2902":"C","2903":",","2904":"G","2905":"A","2906":"A","2907":"G","2908":",","2909":"E","2910":"A","2911":"A","2912":"E","2913":";","2914":"Y","2915":"A","2916":"A","2917":"E","2918":";","2919":"U","2920":"A","2921":"A","2922":"O","2923":";","2924":"U","2925":"A","2926":"C","2927":"p","2928":"E","2929":",","2930":"I","2931":"A","2932":"A","2933":"I","2934":",","2935":"C","2936":"A","2937":"A","2938":"C","2939":",","2940":"I","2941":"A","2942":"A","2943":"I","2944":",","2945":"C","2946":"A","2947":"A","2948":"C","2949":",","2950":"C","2951":"A","2952":"A","2953":"C","2954":",","2955":"K","2956":"A","2957":"A","2958":"K","2959":",","2960":"G","2961":"A","2962":"A","2963":"G","2964":",","2965":"C","2966":"A","2967":"A","2968":"C","2969":",","2970":"C","2971":"A","2972":"A","2973":"C","2974":",","2975":"C","2976":"A","2977":"A","2978":"C","2979":",","2980":"C","2981":"A","2982":"A","2983":"C","2984":",","2985":"E","2986":"A","2987":"A","2988":"E","2989":";","2990":"Y","2991":"A","2992":"A","2993":"E","2994":",","2995":"C","2996":"A","2997":"A","2998":"C","2999":",","3000":"C","3001":"A","3002":"A","3003":"C","3004":",","3005":"K","3006":"A","3007":"A","3008":"K","3009":",","3010":"G","3011":"A","3012":"A","3013":"G","3014":",","3015":"C","3016":"A","3017":"A","3018":"C","3019":",","3020":"C","3021":"A","3022":"A","3023":"C","3024":",","3025":"C","3026":"A","3027":"A","3028":"C","3029":",","3030":"C","3031":"A","3032":"A","3033":"C","3034":";","3035":"Y","3036":"A","3037":"A","3038":"E","3039":",","3040":"C","3041":"A","3042":"A","3043":"C","3044":",","3045":"C","3046":"A","3047":"A","3048":"C","3049":",","3050":"G","3051":"A","3052":"A","3053":"G","3054":",","3055":"C","3056":"A","3057":"A","3058":"C","3059":",","3060":"I","3061":"A","3062":"A","3063":"I","3064":",","3065":"C","3066":"A","3067":"A","3068":"C","3069":",","3070":"E","3071":"A","3072":"A","3073":"E","3074":",","3075":"C","3076":"A","3077":"A","3078":"C","3079":";","3080":"Y","3081":"A","3082":"A","3083":"E","3084":";","3085":"U","3086":"A","3087":"A","3088":"O","3089":";","3090":"U","3091":"A","3092":"C","3093":"l","3094":"E","3095":",","3096":"I","3097":"A","3098":"A","3099":"I","3100":",","3101":"C","3102":"A","3103":"A","3104":"C","3105":",","3106":"C","3107":"A","3108":"A","3109":"C","3110":",","3111":"C","3112":"A","3113":"A","3114":"C","3115":",","3116":"C","3117":"A","3118":"A","3119":"C","3120":",","3121":"E","3122":"A","3123":"A","3124":"E","3125":",","3126":"C","3127":"A","3128":"A","3129":"C","3130":",","3131":"C","3132":"A","3133":"A","3134":"C","3135":",","3136":"G","3137":"A","3138":"A","3139":"G","3140":",","3141":"C","3142":"A","3143":"A","3144":"C","3145":",","3146":"G","3147":"A","3148":"A","3149":"G","3150":",","3151":"C","3152":"A","3153":"A","3154":"C","3155":",","3156":"C","3157":"A","3158":"A","3159":"C","3160":";","3161":"U","3162":"A","3163":"C","3164":"r","3165":"B","3166":",","3167":"C","3168":"A","3169":"A","3170":"C","3171":",","3172":"C","3173":"A","3174":"A","3175":"C","3176":",","3177":"I","3178":"A","3179":"A","3180":"I","3181":",","3182":"C","3183":"A","3184":"A","3185":"C","3186":",","3187":"G","3188":"A","3189":"A","3190":"G","3191":",","3192":"C","3193":"A","3194":"A","3195":"C","3196":",","3197":"C","3198":"A","3199":"A","3200":"C","3201":";","3202":"U","3203":"A","3204":"A","3205":"E","3206":";","3207":"M","3208":"A","3209":"C","3210":"t","3211":"B","3212":";","3213":"M","3214":"A","3215":"C","3216":"A","3217":",","3218":"E","3219":"A","3220":"A","3221":"E","3222":",","3223":"G","3224":"A","3225":"A","3226":"G","3227":",","3228":"I","3229":"A","3230":"A","3231":"I","3232":",","3233":"C","3234":"A","3235":"A","3236":"C","3237":",","3238":"I","3239":"A","3240":"A","3241":"I","3242":",","3243":"C","3244":"A","3245":"A","3246":"C","3247":",","3248":"O","3249":"A","3250":"A","3251":"O","3252":",","3253":"E","3254":"A","3255":"A","3256":"E","3257":",","3258":"C","3259":"A","3260":"A","3261":"C","3262":",","3263":"C","3264":"A","3265":"A","3266":"C","3267":";","3268":"I","3269":"A","3270":"C","3271":"9","3272":"B","3273":",","3274":"C","3275":"A","3276":"A","3277":"C","3278":",","3279":"C","3280":"A","3281":"A","3282":"C","3283":",","3284":"O","3285":"A","3286":"A","3287":"O","3288":",","3289":"C","3290":"A","3291":"A","3292":"C","3293":",","3294":"E","3295":"A","3296":"A","3297":"E","3298":";","3299":"M","3300":"A","3301":"A","3302":"E","3303":",","3304":"E","3305":"A","3306":"A","3307":"E","3308":",","3309":"G","3310":"A","3311":"A","3312":"G","3313":",","3314":"C","3315":"A","3316":"A","3317":"C","3318":",","3319":"C","3320":"A","3321":"A","3322":"C","3323":",","3324":"E","3325":"A","3326":"A","3327":"E","3328":",","3329":"C","3330":"A","3331":"A","3332":"C","3333":",","3334":"C","3335":"A","3336":"A","3337":"C","3338":";","3339":"M","3340":"A","3341":"A","3342":"E","3343":",","3344":"C","3345":"A","3346":"A","3347":"C","3348":",","3349":"G","3350":"A","3351":"A","3352":"G","3353":",","3354":"C","3355":"A","3356":"A","3357":"C","3358":";","3359":"I","3360":"A","3361":"A","3362":"E","3363":",","3364":"C","3365":"A","3366":"A","3367":"C","3368":",","3369":"S","3370":"A","3371":"A","3372":"S","3373":";","3374":"M","3375":"A","3376":"A","3377":"E","3378":",","3379":"C","3380":"A","3381":"A","3382":"C","3383":",","3384":"G","3385":"A","3386":"A","3387":"G","3388":",","3389":"C","3390":"A","3391":"A","3392":"C","3393":",","3394":"G","3395":"A","3396":"A","3397":"G","3398":",","3399":"C","3400":"A","3401":"A","3402":"C","3403":";","3404":"I","3405":"A","3406":"A","3407":"E","3408":";","3409":"I","3410":"A","3411":"C","3412":"z","3413":"D","3414":",","3415":"I","3416":"A","3417":"A","3418":"I","3419":",","3420":"E","3421":"A","3422":"A","3423":"E","3424":",","3425":"C","3426":"A","3427":"A","3428":"C","3429":",","3430":"C","3431":"A","3432":"A","3433":"C","3434":",","3435":"C","3436":"A","3437":"A","3438":"C","3439":",","3440":"G","3441":"A","3442":"A","3443":"G","3444":",","3445":"C","3446":"A","3447":"A","3448":"C","3449":",","3450":"E","3451":"A","3452":"A","3453":"E","3454":",","3455":"M","3456":"A","3457":"A","3458":"M","3459":",","3460":"E","3461":"A","3462":"A","3463":"E","3464":",","3465":"C","3466":"A","3467":"A","3468":"C","3469":",","3470":"C","3471":"A","3472":"A","3473":"C","3474":",","3475":"C","3476":"A","3477":"A","3478":"C","3479":";","3480":"I","3481":"A","3482":"A","3483":"E","3484":",","3485":"O","3486":"A","3487":"A","3488":"O","3489":";","3490":"M","3491":"A","3492":"A","3493":"E","3494":",","3495":"K","3496":"A","3497":"A","3498":"K","3499":",","3500":"E","3501":"A","3502":"A","3503":"E","3504":",","3505":"E","3506":"A","3507":"A","3508":"E","3509":",","3510":"C","3511":"A","3512":"A","3513":"C","3514":",","3515":"C","3516":"A","3517":"A","3518":"C","3519":",","3520":"C","3521":"A","3522":"A","3523":"C","3524":",","3525":"G","3526":"A","3527":"A","3528":"G","3529":",","3530":"E","3531":"A","3532":"A","3533":"E","3534":",","3535":"C","3536":"A","3537":"A","3538":"C","3539":",","3540":"C","3541":"A","3542":"A","3543":"C","3544":",","3545":"C","3546":"A","3547":"A","3548":"C","3549":",","3550":"G","3551":"A","3552":"A","3553":"G","3554":",","3555":"K","3556":"A","3557":"A","3558":"K","3559":",","3560":"C","3561":"A","3562":"A","3563":"C","3564":";","3565":"M","3566":"A","3567":"A","3568":"E","3569":",","3570":"I","3571":"A","3572":"A","3573":"I","3574":",","3575":"E","3576":"A","3577":"A","3578":"E","3579":";","3580":"I","3581":"A","3582":"A","3583":"K","3584":",","3585":"C","3586":"A","3587":"A","3588":"C","3589":";","3590":"E","3591":"A","3592":"C","3593":"p","3594":"F","3595":";","3596":"A","3597":"A","3598":"C","3599":"J","3600":",","3601":"C","3602":"A","3603":"A","3604":"C","3605":";","3606":"A","3607":"A","3608":"C","3609":"D","3610":",","3611":"M","3612":"A","3613":"A","3614":"M","3615":",","3616":"C","3617":"A","3618":"A","3619":"C","3620":",","3621":"c","3622":"A","3623":"A","3624":"c","3625":",","3626":"C","3627":"A","3628":"A","3629":"C","3630":",","3631":"O","3632":"A","3633":"A","3634":"O","3635":",","3636":"E","3637":"A","3638":"A","3639":"E","3640":",","3641":"Y","3642":"A","3643":"A","3644":"Y","3645":",","3646":"E","3647":"A","3648":"A","3649":"E","3650":";","3651":"E","3652":"A","3653":"A","3654":"E","3655":",","3656":"K","3657":"A","3658":"A","3659":"K","3660":",","3661":"E","3662":"A","3663":"A","3664":"E","3665":";","3666":"A","3667":"A","3668":"A","3669":"K","3670":",","3671":"C","3672":"A","3673":"A","3674":"C","3675":",","3676":"C","3677":"A","3678":"A","3679":"C","3680":";","3681":"A","3682":"A","3683":"C","3684":"7","3685":"D","3686":",","3687":"I","3688":"A","3689":"A","3690":"I","3691":",","3692":"K","3693":"A","3694":"A","3695":"K","3696":",","3697":"G","3698":"A","3699":"A","3700":"G","3701":",","3702":"O","3703":"A","3704":"A","3705":"O","3706":",","3707":"C","3708":"A","3709":"A","3710":"C","3711":",","3712":"K","3713":"A","3714":"A","3715":"K","3716":",","3717":"C","3718":"A","3719":"A","3720":"C","3721":";","3722":"A","3723":"A","3724":"C","3725":"1","3726":"B","3727":",","3728":"I","3729":"A","3730":"A","3731":"I","3732":",","3733":"K","3734":"A","3735":"A","3736":"K","3737":",","3738":"G","3739":"A","3740":"A","3741":"G","3742":",","3743":"O","3744":"A","3745":"A","3746":"O","3747":",","3748":"C","3749":"A","3750":"A","3751":"C","3752":",","3753":"K","3754":"A","3755":"A","3756":"K","3757":",","3758":"C","3759":"A","3760":"A","3761":"C","3762":";","3763":"A","3764":"A","3765":"C","3766":"1","3767":"B","3768":",","3769":"I","3770":"A","3771":"A","3772":"I","3773":",","3774":"m","3775":"B","3776":"A","3777":"A","3778":"m","3779":"B","3780":",","3781":"G","3782":"A","3783":"A","3784":"G","3785":",","3786":"O","3787":"A","3788":"A","3789":"O","3790":",","3791":"C","3792":"A","3793":"A","3794":"C","3795":",","3796":"q","3797":"B","3798":"A","3799":"A","3800":"q","3801":"B","3802":",","3803":"C","3804":"A","3805":"A","3806":"C","3807":";","3808":"A","3809":"A","3810":"C","3811":"x","3812":"D","3813":",","3814":"I","3815":"A","3816":"A","3817":"I","3818":",","3819":"o","3820":"B","3821":"A","3822":"A","3823":"o","3824":"B","3825":",","3826":"G","3827":"A","3828":"A","3829":"G","3830":",","3831":"O","3832":"A","3833":"A","3834":"O","3835":",","3836":"C","3837":"A","3838":"A","3839":"C","3840":",","3841":"s","3842":"B","3843":"A","3844":"A","3845":"s","3846":"B","3847":",","3848":"C","3849":"A","3850":"A","3851":"C","3852":";","3853":"A","3854":"A","3855":"C","3856":"1","3857":"D","3858":",","3859":"I","3860":"A","3861":"A","3862":"I","3863":",","3864":"k","3865":"B","3866":"A","3867":"A","3868":"k","3869":"B","3870":",","3871":"G","3872":"A","3873":"A","3874":"G","3875":",","3876":"O","3877":"A","3878":"A","3879":"O","3880":",","3881":"C","3882":"A","3883":"A","3884":"C","3885":",","3886":"o","3887":"B","3888":"A","3889":"A","3890":"o","3891":"B","3892":",","3893":"C","3894":"A","3895":"A","3896":"C","3897":";","3898":"A","3899":"A","3900":"C","3901":"t","3902":
[...]
":"A","1898":"A","1899":"I","1900":",","1901":"C","1902":"A","1903":"A","1904":"C","1905":",","1906":"C","1907":"A","1908":"A","1909":"C","1910":",","1911":"E","1912":"A","1913":"A","1914":"E","1915":",","1916":"E","1917":"A","1918":"A","1919":"E","1920":",","1921":"C","1922":"A","1923":"A","1924":"C","1925":",","1926":"C","1927":"A","1928":"A","1929":"C","1930":",","1931":"C","1932":"A","1933":"A","1934":"C","1935":",","1936":"C","1937":"A","1938":"A","1939":"C","1940":",","1941":"E","1942":"A","1943":"A","1944":"E","1945":",","1946":"I","1947":"A","1948":"A","1949":"I","1950":",","1951":"E","1952":"A","1953":"A","1954":"E","1955":",","1956":"O","1957":"A","1958":"A","1959":"O","1960":",","1961":"C","1962":"A","1963":"A","1964":"C","1965":"\"","1966":",","1967":"\"","1968":"f","1969":"i","1970":"l","1971":"e","1972":"\"","1973":":","1974":"\"","1975":"/","1976":"m","1977":"n","1978":"t","1979":"/","1980":"c","1981":"/","1982":"U","1983":"s","1984":"e","1985":"r","1986":"s","1987":"/","1988":"s","1989":"v","1990":"a","1991":"r","1992":"t","1993":"/","1994":"m","1995":"y","1996":"F","1997":"o","1998":"l","1999":"d","2000":"e","2001":"r","2002":"/","2003":"w","2004":"o","2005":"r","2006":"k","2007":"s","2008":"h","2009":"o","2010":"p","2011":"_","2012":"m","2013":"s","2014":"a","2015":"n","2016":"o","2017":"/","2018":"p","2019":"r","2020":"j","2021":"_","2022":"o","2023":"n","2024":"y","2025":"v","2026":"a","2027":"-","2028":"v","2029":"u","2030":"e","2031":"/","2032":"s","2033":"r","2034":"c","2035":"/","2036":"c","2037":"o","2038":"m","2039":"p","2040":"o","2041":"n","2042":"e","2043":"n","2044":"t","2045":"s","2046":"/","2047":"H","2048":"o","2049":"m","2050":"e","2051":".","2052":"v","2053":"u","2054":"e","2055":"\"","2056":",","2057":"\"","2058":"s","2059":"o","2060":"u","2061":"r","2062":"c","2063":"e","2064":"s","2065":"C","2066":"o","2067":"n","2068":"t","2069":"e","2070":"n","2071":"t","2072":"\"","2073":":","2074":"[","2075":"\"","2076":"<","2077":"s","2078":"c","2079":"r","2080":"i","2081":"p","2082":"t","2083":" ","2084":"s","2085":"e","2086":"t","2087":"u","2088":"p","2089":" ","2090":"l","2091":"a","2092":"n","2093":"g","2094":"=","2095":"\\","2096":"\"","2097":"t","2098":"s","2099":"\\","2100":"\"","2101":">","2102":"\\","2103":"r","2104":"\\","2105":"n","2106":"i","2107":"m","2108":"p","2109":"o","2110":"r","2111":"t","2112":" ","2113":"{","2114":" ","2115":"r","2116":"e","2117":"f","2118":",","2119":" ","2120":"o","2121":"n","2122":"M","2123":"o","2124":"u","2125":"n","2126":"t","2127":"e","2128":"d","2129":" ","2130":"}","2131":" ","2132":"f","2133":"r","2134":"o","2135":"m","2136":" ","2137":"\\","2138":"\"","2139":"v","2140":"u","2141":"e","2142":"\\","2143":"\"","2144":";","2145":"\\","2146":"r","2147":"\\","2148":"n","2149":"i","2150":"m","2151":"p","2152":"o","2153":"r","2154":"t","2155":" ","2156":"E","2157":"t","2158":"u","2159":"d","2160":"i","2161":"a","2162":"n","2163":"t","2164":"P","2165":"r","2166":"e","2167":"v","2168":"i","2169":"e","2170":"w","2171":" ","2172":"f","2173":"r","2174":"o","2175":"m","2176":" ","2177":"\\","2178":"\"","2179":".","2180":"/","2181":"E","2182":"t","2183":"u","2184":"d","2185":"i","2186":"a","2187":"n","2188":"t","2189":"P","2190":"r","2191":"e","2192":"v","2193":"i","2194":"e","2195":"w","2196":".","2197":"v","2198":"u","2199":"e","2200":"\\","2201":"\"","2202":";","2203":"\\","2204":"r","2205":"\\","2206":"n","2207":"i","2208":"m","2209":"p","2210":"o","2211":"r","2212":"t","2213":" ","2214":"{","2215":" ","2216":"g","2217":"e","2218":"t","2219":"A","2220":"l","2221":"l","2222":"E","2223":"t","2224":"u","2225":"d","2226":"i","2227":"a","2228":"n","2229":"t","2230":"s","2231":" ","2232":"}","2233":" ","2234":"f","2235":"r","2236":"o","2237":"m","2238":" ","2239":"\\","2240":"\"","2241":".","2242":".","2243":"/","2244":"u","2245":"t","2246":"i","2247":"l","2248":"s","2249":"/","2250":"h","2251":"e","2252":"l","2253":"p","2254":"e","2255":"r","2256":".","2257":"t","2258":"s","2259":"\\","2260":"\"","2261":";","2262":"\\","2263":"r","2264":"\\","2265":"n","2266":"i","2267":"m","2268":"p","2269":"o","2270":"r","2271":"t","2272":" ","2273":"{","2274":" ","2275":"s","2276":"u","2277":"b","2278":"T","2279":"i","2280":"t","2281":"l","2282":"e","2283":" ","2284":"}","2285":" ","2286":"f","2287":"r","2288":"o","2289":"m","2290":" ","2291":"\\","2292":"\"","2293":".","2294":".","2295":"/","2296":"a","2297":"s","2298":"s","2299":"e","2300":"t","2301":"s","2302":"/","2303":"a","2304":"s","2305":"s","2306":"e","2307":"t","2308":".","2309":"t","2310":"s","2311":"\\","2312":"\"","2313":";","2314":"\\","2315":"r","2316":"\\","2317":"n","2318":"\\","2319":"r","2320":"\\","2321":"n","2322":"c","2323":"o","2324":"n","2325":"s","2326":"t","2327":" ","2328":"e","2329":"t","2330":"u","2331":"d","2332":"i","2333":"a","2334":"n","2335":"t","2336":"s","2337":" ","2338":"=","2339":" ","2340":"r","2341":"e","2342":"f","2343":"(","2344":")","2345":";","2346":"\\","2347":"r","2348":"\\","2349":"n","2350":"/","2351":"/","2352":"D","2353":"O","2354":"M","2355":"読","2356":"み","2357":"込","2358":"み","2359":"後","2360":"に","2361":"展","2362":"開","2363":"す","2364":"る","2365":"\\","2366":"r","2367":"\\","2368":"n","2369":"o","2370":"n","2371":"M","2372":"o","2373":"u","2374":"n","2375":"t","2376":"e","2377":"d","2378":"(","2379":"a","2380":"s","2381":"y","2382":"n","2383":"c","2384":" ","2385":"(","2386":")","2387":" ","2388":"=","2389":">","2390":" ","2391":"{","2392":"\\","2393":"r","2394":"\\","2395":"n","2396":" ","2397":" ","2398":"c","2399":"o","2400":"n","2401":"s","2402":"t","2403":" ","2404":"e","2405":"t","2406":"u","2407":"d","2408":"i","2409":"a","2410":"n","2411":"t","2412":"s","2413":"D","2414":"a","2415":"t","2416":"a","2417":" ","2418":"=","2419":" ","2420":"a","2421":"w","2422":"a","2423":"i","2424":"t","2425":" ","2426":"g","2427":"e","2428":"t","2429":"A","2430":"l","2431":"l","2432":"E","2433":"t","2434":"u","2435":"d","2436":"i","2437":"a","2438":"n","2439":"t","2440":"s","2441":"(","2442":")","2443":";","2444":"\\","2445":"r","2446":"\\","2447":"n","2448":" ","2449":" ","2450":"e","2451":"t","2452":"u","2453":"d","2454":"i","2455":"a","2456":"n","2457":"t","2458":"s","2459":".","2460":"v","2461":"a","2462":"l","2463":"u","2464":"e","2465":" ","2466":"=","2467":" ","2468":"e","2469":"t","2470":"u","2471":"d","2472":"i","2473":"a","2474":"n","2475":"t","2476":"s","2477":"D","2478":"a","2479":"t","2480":"a","2481":".","2482":"e","2483":"t","2484":"u","2485":"d","2486":"i","2487":"a","2488":"n","2489":"t","2490":"s","2491":";","2492":"\\","2493":"r","2494":"\\","2495":"n","2496":"}","2497":")","2498":";","2499":"\\","2500":"r","2501":"\\","2502":"n","2503":"<","2504":"/","2505":"s","2506":"c","2507":"r","2508":"i","2509":"p","2510":"t","2511":">","2512":"\\","2513":"r","2514":"\\","2515":"n","2516":"\\","2517":"r","2518":"\\","2519":"n","2520":"<","2521":"t","2522":"e","2523":"m","2524":"p","2525":"l","2526":"a","2527":"t","2528":"e","2529":">","2530":"\\","2531":"r","2532":"\\","2533":"n","2534":" ","2535":" ","2536":"<","2537":"d","2538":"i","2539":"v","2540":" ","2541":"c","2542":"l","2543":"a","2544":"s","2545":"s","2546":"=","2547":"\\","2548":"\"","2549":"e","2550":"t","2551":"u","2552":"d","2553":"i","2554":"a","2555":"n","2556":"t","2557":"-","2558":"p","2559":"r","2560":"o","2561":"f","2562":"i","2563":"l","2564":"e","2565":"s","2566":"-","2567":"c","2568":"o","2569":"n","2570":"t","2571":"a","2572":"i","2573":"n","2574":"e","2575":"r","2576":" ","2577":"c","2578":"o","2579":"n","2580":"t","2581":"a","2582":"i","2583":"n","2584":"e","2585":"r","2586":"-","2587":"s","2588":"t","2589":"y","2590":"l","2591":"e","2592":"\\","2593":"\"","2594":">","2595":"\\","2596":"r","2597":"\\","2598":"n","2599":" ","2600":" ","2601":" ","2602":" ","2603":"<","2604":"h","2605":"2","2606":">","2607":"{","2608":"{","2609":" ","2610":"s","2611":"u","2612":"b","2613":"T","2614":"i","2615":"t","2616":"l","2617":"e","2618":" ","2619":"}","2620":"}","2621":"<","2622":"/","2623":"h","2624":"2","2625":">","2626":"\\","2627":"r","2628":"\\","2629":"n","2630":" ","2631":" ","2632":" ","2633":" ","2634":"<","2635":"d","2636":"i","2637":"v","2638":" ","2639":"c","2640":"l","2641":"a","2642":"s","2643":"s","2644":"=","2645":"\\","2646":"\"","2647":"e","2648":"t","2649":"u","2650":"d","2651":"i","2652":"a","2653":"n","2654":"t","2655":"-","2656":"p","2657":"r","2658":"o","2659":"f","2660":"i","2661":"l","2662":"e","2663":"s","2664":"-","2665":"b","2666":"o","2667":"x","2668":"\\","2669":"\"","2670":">","2671":"\\","2672":"r","2673":"\\","2674":"n","2675":" ","2676":" ","2677":" ","2678":" ","2679":" ","2680":" ","2681":"<","2682":"d","2683":"i","2684":"v","2685":" ","2686":"v","2687":"-","2688":"f","2689":"o","2690":"r","2691":"=","2692":"\\","2693":"\"","2694":"e","2695":"t","2696":"u","2697":"d","2698":"i","2699":"a","2700":"n","2701":"t","2702":" ","2703":"i","2704":"n","2705":" ","2706":"e","2707":"t","2708":"u","2709":"d","2710":"i","2711":"a","2712":"n","2713":"t","2714":"s","2715":"\\","2716":"\"","2717":" ","2718":"v","2719":"-","2720":"b","2721":"i","2722":"n","2723":"d","2724":":","2725":"k","2726":"e","2727":"y","2728":"=","2729":"\\","2730":"\"","2731":"e","2732":"t","2733":"u","2734":"d","2735":"i","2736":"a","2737":"n","2738":"t","2739":".","2740":"i","2741":"d","2742":"\\","2743":"\"","2744":">","2745":"\\","2746":"r","2747":"\\","2748":"n","2749":" ","2750":" ","2751":" ","2752":" ","2753":" ","2754":" ","2755":" ","2756":" ","2757":"<","2758":"E","2759":"t","2760":"u","2761":"d","2762":"i","2763":"a","2764":"n","2765":"t","2766":"P","2767":"r","2768":"e","2769":"v","2770":"i","2771":"e","2772":"w","2773":" ","2774":":","2775":"e","2776":"t","2777":"u","2778":"d","2779":"i","2780":"a","2781":"n","2782":"t","2783":"=","2784":"\\","2785":"\"","2786":"e","2787":"t","2788":"u","2789":"d","2790":"i","2791":"a","2792":"n","2793":"t","2794":"\\","2795":"\"","2796":" ","2797":"/","2798":">","2799":"\\","2800":"r","2801":"\\","2802":"n","2803":" ","2804":" ","2805":" ","2806":" ","2807":" ","2808":" ","2809":"<","2810":"/","2811":"d","2812":"i","2813":"v","2814":">","2815":"\\","2816":"r","2817":"\\","2818":"n","2819":" ","2820":" ","2821":" ","2822":" ","2823":"<","2824":"/","2825":"d","2826":"i","2827":"v","2828":">","2829":"\\","2830":"r","2831":"\\","2832":"n","2833":" ","2834":" ","2835":"<","2836":"/","2837":"d","2838":"i","2839":"v","2840":">","2841":"\\","2842":"r","2843":"\\","2844":"n","2845":"<","2846":"/","2847":"t","2848":"e","2849":"m","2850":"p","2851":"l","2852":"a","2853":"t","2854":"e","2855":">","2856":"\\","2857":"r","2858":"\\","2859":"n","2860":"\\","2861":"r","2862":"\\","2863":"n","2864":"<","2865":"s","2866":"t","2867":"y","2868":"l","2869":"e","2870":" ","2871":"s","2872":"c","2873":"o","2874":"p","2875":"e","2876":"d","2877":">","2878":"\\","2879":"r","2880":"\\","2881":"n","2882":".","2883":"e","2884":"t","2885":"u","2886":"d","2887":"i","2888":"a","2889":"n","2890":"t","2891":"-","2892":"p","2893":"r","2894":"o","2895":"f","2896":"i","2897":"l","2898":"e","2899":"s","2900":"-","2901":"c","2902":"o","2903":"n","2904":"t","2905":"a","2906":"i","2907":"n","2908":"e","2909":"r","2910":" ","2911":"{","2912":"\\","2913":"r","2914":"\\","2915":"n","2916":" ","2917":" ","2918":"t","2919":"e","2920":"x","2921":"t","2922":"-","2923":"a","2924":"l","2925":"i","2926":"g","2927":"n","2928":":","2929":" ","2930":"c","2931":"e","2932":"n","2933":"t","2934":"e","2935":"r","2936":";","2937":"\\","2938":"r","2939":"\\","2940":"n","2941":" ","2942":" ","2943":"h","2944":"2","2945":" ","2946":"{","2947":"\\","2948":"r","2949":"\\","2950":"n","2951":" ","2952":" ","2953":" ","2954":" ","2955":"c","2956":"o","2957":"l","2958":"o","2959":"r","2960":":","2961":" ","2962":"s","2963":"a","2964":"n","2965":"d","2966":"y","2967":"b","2968":"r","2969":"o","2970":"w","2971":"n","2972":";","2973":"\\","2974":"r","2975":"\\","2976":"n","2977":" ","2978":" ","2979":" ","2980":" ","2981":"m","2982":"a","2983":"r","2984":"g","2985":"i","2986":"n","2987":"-","2988":"b","2989":"o","2990":"t","2991":"t","2992":"o","2993":"m","2994":":","2995":" ","2996":"1","2997":"0","2998":"p","2999":"x","3000":";","3001":"\\","3002":"r","3003":"\\","3004":"n","3005":" ","3006":" ","3007":"}","3008":"\\","3009":"r","3010":"\\","3011":"n","3012":" ","3013":" ","3014":".","3015":"e","3016":"t","3017":"u","3018":"d","3019":"i","3020":"a","3021":"n","3022":"t","3023":"-","3024":"p","3025":"r","3026":"o","3027":"f","3028":"i","3029":"l","3030":"e","3031":"s","3032":"-","3033":"b","3034":"o","3035":"x","3036":" ","3037":"{","3038":"\\","3039":"r","3040":"\\","3041":"n","3042":" ","3043":" ","3044":" ","3045":" ","3046":"d","3047":"i","3048":"s","3049":"p","3050":"l","3051":"a","3052":"y","3053":":","3054":" ","3055":"f","3056":"l","3057":"e","3058":"x","3059":";","3060":"\\","3061":"r","3062":"\\","3063":"n","3064":" ","3065":" ","3066":" ","3067":" ","3068":"f","3069":"l","3070":"e","3071":"x","3072":"-","3073":"d","3074":"i","3075":"r","3076":"e","3077":"c","3078":"t","3079":"i","3080":"o","3081":"n","3082":":","3083":" ","3084":"r","3085":"o","3086":"w","3087":";","3088":"\\","3089":"r","3090":"\\","3091":"n","3092":" ","3093":" ","3094":" ","3095":" ","3096":"f","3097":"l","3098":"e","3099":"x","3100":"-","3101":"w","3102":"r","3103":"a","3104":"p","3105":":","3106":" ","3107":"w","3108":"r","3109":"a","3110":"p","3111":";","3112":"\\","3113":"r","3114":"\\","3115":"n","3116":" ","3117":" ","3118":" ","3119":" ","3120":"j","3121":"u","3122":"s","3123":"t","3124":"i","3125":"f","3126":"y","3127":"-","3128":"c","3129":"o","3130":"n","3131":"t","3132":"e","3133":"n","3134":"t","3135":":","3136":" ","3137":"c","3138":"e","3139":"n","3140":"t","3141":"e","3142":"r","3143":";","3144":"\\","3145":"r","3146":"\\","3147":"n","3148":" ","3149":" ","3150":" ","3151":" ","3152":"g","3153":"a","3154":"p","3155":":","3156":" ","3157":"2","3158":"0","3159":"p","3160":"x","3161":";","3162":"\\","3163":"r","3164":"\\","3165":"n","3166":" ","3167":" ","3168":" ","3169":" ","3170":"p","3171":"a","3172":"d","3173":"d","3174":"i","3175":"n","3176":"g","3177":":","3178":" ","3179":"1","3180":"0","3181":"p","3182":"x","3183":";","3184":"\\","3185":"r","3186":"\\","3187":"n","3188":" ","3189":" ","3190":"}","3191":"\\","3192":"r","3193":"\\","3194":"n","3195":"}","3196":"\\","3197":"r","3198":"\\","3199":"n","3200":"<","3201":"/","3202":"s","3203":"t","3204":"y","3205":"l","3206":"e","3207":">","3208":"\\","3209":"r","3210":"\\","3211":"n","3212":"\"","3213":"]","3214":"}"},"_coverageSchema":"1a1c01bbd47fc00a2c39e90264f33305004495a9","hash":"4e8f59d2af3ba444250bee56b1bec6136d66e9a7"}
,"/mnt/c/Users/svart/myFolder/workshop_msano/prj_onyva-vue/src/components/RouteHome.vue": {"path":"/mnt/c/Users/svart/myFolder/workshop_msano/prj_onyva-vue/src/components/RouteHome.vue","statementMap":{"0":{"start":{"line":3,"column":0},"end":{"line":5,"column":3}},"1":{"start":{"line":6,"column":0},"end":{"line":6,"column":24}},"2":{"start":{"line":7,"column":11},"end":{"line":7,"column":25}},"3":{"start":{"line":9,"column":30},"end":{"line":9,"column":70}},"4":{"start":{"line":10,"column":2},"end":{"line":10,"column":269}},"5":{"start":{"line":11,"column":2},"end":{"line":11,"column":49}}},"fnMap":{"0":{"name":"render","decl":{"start":{"line":8,"column":9},"end":{"line":8,"column":15}},"loc":{"start":{"line":8,"column":30},"end":{"line":11,"column":1}},"line":8}},"branchMap":{},"s":{"0":0,"1":0,"2":0,"3":0,"4":0,"5":0},"f":{"0":0},"b":{},"inputSourceMap":{"0":"{","1":"\"","2":"v","3":"e","4":"r","5":"s","6":"i","7":"o","8":"n","9":"\"","10":":","11":"3","12":",","13":"\"","14":"s","15":"o","16":"u","17":"r","18":"c","19":"e","20":"s","21":"\"","22":":","23":"[","24":"]","25":",","26":"\"","27":"n","28":"a","29":"m","30":"e","31":"s","32":"\"","33":":","34":"[","35":"]","36":",","37":"\"","38":"m","39":"a","40":"p","41":"p","42":"i","43":"n","44":"g","45":"s","46":"\"","47":":","48":"\"","49":"\"","50":",","51":"\"","52":"f","53":"i","54":"l","55":"e","56":"\"","57":":","58":"\"","59":"/","60":"m","61":"n","62":"t","63":"/","64":"c","65":"/","66":"U","67":"s","68":"e","69":"r","70":"s","71":"/","72":"s","73":"v","74":"a","75":"r","76":"t","77":"/","78":"m","79":"y","80":"F","81":"o","82":"l","83":"d","84":"e","85":"r","86":"/","87":"w","88":"o","89":"r","90":"k","91":"s","92":"h","93":"o","94":"p","95":"_","96":"m","97":"s","98":"a","99":"n","100":"o","101":"/","102":"p","103":"r","104":"j","105":"_","106":"o","107":"n","108":"y","109":"v","110":"a","111":"-","112":"v","113":"u","114":"e","115":"/","116":"s","117":"r","118":"c","119":"/","120":"c","121":"o","122":"m","123":"p","124":"o","125":"n","126":"e","127":"n","128":"t","129":"s","130":"/","131":"R","132":"o","133":"u","134":"t","135":"e","136":"H","137":"o","138":"m","139":"e","140":".","141":"v","142":"u","143":"e","144":"\"","145":"}"}}
,"/mnt/c/Users/svart/myFolder/workshop_msano/prj_onyva-vue/src/utils/helper.ts": {"path":"/mnt/c/Users/svart/myFolder/workshop_msano/prj_onyva-vue/src/utils/helper.ts","statementMap":{"0":{"start":{"line":5,"column":27},"end":{"line":9,"column":1}},"1":{"start":{"line":6,"column":2},"end":{"line":8,"column":46}},"2":{"start":{"line":11,"column":31},"end":{"line":16,"column":1}},"3":{"start":{"line":12,"column":2},"end":{"line":15,"column":5}},"4":{"start":{"line":13,"column":4},"end":{"line":13,"column":33}},"5":{"start":{"line":14,"column":4},"end":{"line":14,"column":20}},"6":{"start":{"line":26,"column":30},"end":{"line":38,"column":1}},"7":{"start":{"line":27,"column":19},"end":{"line":27,"column":32}},"8":{"start":{"line":30,"column":16},"end":{"line":30,"column":35}},"9":{"start":{"line":31,"column":20},"end":{"line":31,"column":49}},"10":{"start":{"line":33,"column":15},"end":{"line":33,"column":38}},"11":{"start":{"line":34,"column":19},"end":{"line":36,"column":4}},"12":{"start":{"line":35,"column":4},"end":{"line":35,"column":31}},"13":{"start":{"line":37,"column":2},"end":{"line":37,"column":18}}},"fnMap":{"0":{"name":"(anonymous_0)","decl":{"start":{"line":5,"column":27},"end":{"line":5,"column":28}},"loc":{"start":{"line":5,"column":33},"end":{"line":9,"column":1}},"line":5},"1":{"name":"(anonymous_1)","decl":{"start":{"line":11,"column":31},"end":{"line":11,"column":32}},"loc":{"start":{"line":11,"column":43},"end":{"line":16,"column":1}},"line":11},"2":{"name":"(anonymous_2)","decl":{"start":{"line":12,"column":44},"end":{"line":12,"column":45}},"loc":{"start":{"line":12,"column":53},"end":{"line":15,"column":3}},"line":12},"3":{"name":"(anonymous_3)","decl":{"start":{"line":26,"column":30},"end":{"line":26,"column":31}},"loc":{"start":{"line":26,"column":42},"end":{"line":38,"column":1}},"line":26},"4":{"name":"(anonymous_4)","decl":{"start":{"line":34,"column":39},"end":{"line":34,"column":40}},"loc":{"start":{"line":34,"column":58},"end":{"line":36,"column":3}},"line":34}},"branchMap":{"0":{"loc":{"start":{"line":6,"column":9},"end":{"line":8,"column":45}},"type":"cond-expr","locations":[{"start":{"line":7,"column":6},"end":{"line":7,"column":46}},{"start":{"line":8,"column":6},"end":{"line":8,"column":45}}],"line":6}},"s":{"0":3,"1":0,"2":3,"3":3,"4":3,"5":3,"6":3,"7":0,"8":0,"9":0,"10":0,"11":0,"12":0,"13":0},"f":{"0":0,"1":3,"2":3,"3":0,"4":0},"b":{"0":[0,0]},"_coverageSchema":"1a1c01bbd47fc00a2c39e90264f33305004495a9","hash":"8e8a719fdde5cffcef4105ad4629798341aae6eb"}
,"/mnt/c/Users/svart/myFolder/workshop_msano/prj_onyva-vue/src/utils/router.ts": {"path":"/mnt/c/Users/svart/myFolder/workshop_msano/prj_onyva-vue/src/utils/router.ts","statementMap":{"0":{"start":{"line":9,"column":15},"end":{"line":15,"column":1}},"1":{"start":{"line":17,"column":15},"end":{"line":20,"column":2}}},"fnMap":{},"branchMap":{},"s":{"0":1,"1":1},"f":{},"b":{},"_coverageSchema":"1a1c01bbd47fc00a2c39e90264f33305004495a9","hash":"f9809ccfdeef649cc168558bdd3094c41e717014"}
}
