TN:
SF:components.d.ts
FNF:0
FNH:0
LF:0
LH:0
BRF:0
BRH:0
end_of_record
TN:
SF:vite.config.ts
FN:11,(anonymous_0)
FNF:1
FNH:0
FNDA:0,(anonymous_0)
DA:11,0
LF:1
LH:0
BRF:0
BRH:0
end_of_record
TN:
SF:@types/index.d.ts
FNF:0
FNH:0
LF:0
LH:0
BRF:0
BRH:0
end_of_record
TN:
SF:src/App.vue
FN:12,(anonymous_0)
FN:32,render
FNF:2
FNH:0
FNDA:0,(anonymous_0)
FNDA:0,render
DA:3,0
DA:6,0
DA:7,0
DA:8,0
DA:9,0
DA:10,0
DA:13,0
DA:14,0
DA:15,0
DA:20,0
DA:24,0
DA:28,0
DA:29,0
DA:30,0
DA:31,0
DA:33,0
DA:39,0
LF:17
LH:0
BRF:0
BRH:0
end_of_record
TN:
SF:src/main.ts
FNF:0
FNH:0
DA:15,0
LF:1
LH:0
BRF:0
BRH:0
end_of_record
TN:
SF:src/vite-env.d.ts
FNF:0
FNH:0
LF:0
LH:0
BRF:0
BRH:0
end_of_record
TN:
SF:src/assets/asset.ts
FNF:0
FNH:0
DA:1,6
DA:2,6
DA:3,6
DA:4,6
DA:5,6
DA:7,6
DA:8,6
DA:10,6
DA:12,6
DA:13,6
DA:14,6
DA:15,6
LF:12
LH:12
BRF:0
BRH:0
end_of_record
TN:
SF:src/components/AuthDashboard.vue
FN:7,(anonymous_0)
FN:8,adopt
FN:9,(anonymous_2)
FN:13,(anonymous_3)
FN:14,fulfilled
FN:21,rejected
FN:28,step
FN:38,(anonymous_7)
FN:41,(anonymous_8)
FN:56,(anonymous_9)
FN:59,verb
FN:60,(anonymous_11)
FN:64,step
FN:138,(anonymous_13)
FN:151,(anonymous_14)
FN:152,(anonymous_15)
FN:154,(anonymous_16)
FN:182,(anonymous_17)
FN:183,(anonymous_18)
FN:184,(anonymous_19)
FN:196,(anonymous_20)
FN:199,(anonymous_21)
FN:202,(anonymous_22)
FN:205,(anonymous_23)
FN:212,(anonymous_24)
FN:227,render
FN:235,(anonymous_26)
FN:240,(anonymous_27)
FNF:28
FNH:21
FNDA:8,(anonymous_0)
FNDA:8,adopt
FNDA:4,(anonymous_2)
FNDA:8,(anonymous_3)
FNDA:8,fulfilled
FNDA:0,rejected
FNDA:16,step
FNDA:8,(anonymous_7)
FNDA:8,(anonymous_8)
FNDA:0,(anonymous_9)
FNDA:24,verb
FNDA:16,(anonymous_11)
FNDA:16,step
FNDA:4,(anonymous_13)
FNDA:4,(anonymous_14)
FNDA:4,(anonymous_15)
FNDA:12,(anonymous_16)
FNDA:4,(anonymous_17)
FNDA:4,(anonymous_18)
FNDA:8,(anonymous_19)
FNDA:2,(anonymous_20)
FNDA:0,(anonymous_21)
FNDA:12,(anonymous_22)
FNDA:0,(anonymous_23)
FNDA:0,(anonymous_24)
FNDA:6,render
FNDA:0,(anonymous_26)
FNDA:0,(anonymous_27)
DA:5,3
DA:9,8
DA:10,4
DA:13,8
DA:15,8
DA:16,8
DA:18,0
DA:22,0
DA:23,0
DA:25,0
DA:29,16
DA:31,8
DA:36,3
DA:39,8
DA:42,8
DA:43,8
DA:52,8
DA:57,0
DA:60,24
DA:61,16
DA:65,16
DA:66,40
DA:67,40
DA:68,40
DA:69,40
DA:72,16
DA:73,16
DA:75,8
DA:76,8
DA:81,0
DA:82,0
DA:83,0
DA:84,0
DA:86,0
DA:87,0
DA:88,0
DA:90,16
DA:91,8
DA:92,8
DA:94,8
DA:95,4
DA:96,4
DA:98,4
DA:99,0
DA:100,0
DA:101,0
DA:103,4
DA:104,0
DA:105,0
DA:106,0
DA:108,4
DA:109,4
DA:110,4
DA:112,20
DA:114,0
DA:115,0
DA:117,40
DA:119,8
DA:120,8
DA:126,3
DA:129,3
DA:130,3
DA:131,3
DA:132,3
DA:133,3
DA:134,3
DA:135,3
DA:136,3
DA:139,4
DA:140,4
DA:141,4
DA:142,4
DA:150,4
DA:151,4
DA:152,4
DA:154,4
DA:155,12
DA:157,4
DA:158,4
DA:160,4
DA:161,4
DA:162,4
DA:163,2
DA:164,2
DA:165,2
DA:166,2
DA:167,2
DA:168,2
DA:169,2
DA:171,4
DA:173,0
DA:174,0
DA:175,0
DA:177,4
DA:182,4
DA:183,4
DA:184,4
DA:185,8
DA:187,4
DA:189,4
DA:190,4
DA:195,4
DA:197,2
DA:200,0
DA:203,12
DA:206,0
DA:213,0
DA:216,4
DA:220,4
DA:224,3
DA:225,3
DA:226,3
DA:228,6
DA:229,6
DA:230,6
DA:235,0
DA:240,0
DA:260,3
LF:118
LH:90
BRDA:5,0,0,3
BRDA:5,0,1,3
BRDA:9,1,0,4
BRDA:9,1,1,4
BRDA:13,2,0,8
BRDA:13,2,1,8
BRDA:29,3,0,8
BRDA:29,3,1,8
BRDA:31,4,0,8
BRDA:31,4,1,8
BRDA:36,5,0,3
BRDA:36,5,1,3
BRDA:42,6,0,0
BRDA:42,6,1,8
BRDA:56,7,0,8
BRDA:56,7,1,8
BRDA:65,8,0,0
BRDA:65,8,1,16
BRDA:66,9,0,48
BRDA:66,9,1,8
BRDA:66,10,0,8
BRDA:66,10,1,0
BRDA:67,11,0,0
BRDA:67,11,1,40
BRDA:67,12,0,40
BRDA:67,12,1,0
BRDA:67,12,2,0
BRDA:67,13,0,0
BRDA:67,13,1,0
BRDA:67,14,0,0
BRDA:67,14,1,0
BRDA:67,15,0,0
BRDA:67,15,1,0
BRDA:67,16,0,0
BRDA:67,16,1,0
BRDA:68,17,0,0
BRDA:68,17,1,40
BRDA:69,18,0,16
BRDA:69,18,1,16
BRDA:69,18,2,8
BRDA:69,18,3,0
BRDA:69,18,4,0
BRDA:69,18,5,16
BRDA:90,19,0,8
BRDA:90,19,1,8
BRDA:90,20,0,16
BRDA:90,20,1,12
BRDA:90,20,2,12
BRDA:90,21,0,16
BRDA:90,21,1,4
BRDA:94,22,0,4
BRDA:94,22,1,4
BRDA:94,23,0,8
BRDA:94,23,1,8
BRDA:94,23,2,4
BRDA:94,23,3,4
BRDA:98,24,0,0
BRDA:98,24,1,4
BRDA:98,25,0,4
BRDA:98,25,1,0
BRDA:103,26,0,0
BRDA:103,26,1,4
BRDA:103,27,0,4
BRDA:103,27,1,4
BRDA:108,28,0,0
BRDA:108,28,1,4
BRDA:119,29,0,0
BRDA:119,29,1,8
BRDA:121,30,0,8
BRDA:121,30,1,0
BRDA:155,31,0,4
BRDA:155,31,1,4
BRDA:155,31,2,0
BRDA:155,31,3,4
BRDA:161,32,0,2
BRDA:161,32,1,2
BRDA:162,33,0,2
BRDA:162,33,1,2
BRDA:185,34,0,4
BRDA:185,34,1,4
BRDA:249,35,0,4
BRDA:249,35,1,2
BRDA:252,36,0,2
BRDA:252,36,1,4
BRF:84
BRH:60
end_of_record
TN:
SF:src/components/AuthLogin.vue
FN:13,(anonymous_0)
FN:18,(anonymous_1)
FN:22,(anonymous_2)
FN:23,(anonymous_3)
FN:44,render
FNF:5
FNH:0
FNDA:0,(anonymous_0)
FNDA:0,(anonymous_1)
FNDA:0,(anonymous_2)
FNDA:0,(anonymous_3)
FNDA:0,render
DA:3,1
DA:6,1
DA:7,1
DA:8,1
DA:9,1
DA:10,1
DA:11,1
DA:14,0
DA:15,0
DA:16,0
DA:17,0
DA:18,0
DA:20,0
DA:22,0
DA:23,0
DA:25,0
DA:28,0
DA:33,0
DA:37,0
DA:41,1
DA:42,1
DA:43,1
DA:45,0
DA:46,0
DA:48,1
LF:25
LH:11
BRF:0
BRH:0
end_of_record
TN:
SF:src/components/AuthLogoutBtn.vue
FN:13,(anonymous_0)
FN:19,(anonymous_1)
FN:20,(anonymous_2)
FN:31,(anonymous_3)
FN:46,render
FN:52,(anonymous_5)
FNF:6
FNH:4
FNDA:4,(anonymous_0)
FNDA:0,(anonymous_1)
FNDA:0,(anonymous_2)
FNDA:4,(anonymous_3)
FNDA:4,render
FNDA:4,(anonymous_5)
DA:3,3
DA:6,3
DA:7,3
DA:8,3
DA:9,3
DA:10,3
DA:11,3
DA:14,4
DA:15,4
DA:16,4
DA:17,4
DA:18,4
DA:19,4
DA:20,0
DA:22,0
DA:24,0
DA:26,4
DA:32,4
DA:35,4
DA:39,4
DA:43,3
DA:44,3
DA:45,3
DA:47,4
DA:48,4
DA:52,4
DA:58,3
LF:27
LH:24
BRF:0
BRH:0
end_of_record
TN:
SF:src/components/AuthProfile.vue
FN:14,(anonymous_0)
FN:18,(anonymous_1)
FN:19,(anonymous_2)
FN:26,(anonymous_3)
FN:29,(anonymous_4)
FN:44,render
FN:52,(anonymous_6)
FN:56,(anonymous_7)
FNF:8
FNH:0
FNDA:0,(anonymous_0)
FNDA:0,(anonymous_1)
FNDA:0,(anonymous_2)
FNDA:0,(anonymous_3)
FNDA:0,(anonymous_4)
FNDA:0,render
FNDA:0,(anonymous_6)
FNDA:0,(anonymous_7)
DA:3,1
DA:6,1
DA:7,1
DA:8,1
DA:9,1
DA:10,1
DA:11,1
DA:12,1
DA:15,0
DA:16,0
DA:17,0
DA:18,0
DA:19,0
DA:21,0
DA:24,0
DA:27,0
DA:30,0
DA:33,0
DA:37,0
DA:41,1
DA:42,1
DA:43,1
DA:45,0
DA:46,0
DA:47,0
DA:53,0
DA:56,0
DA:64,1
LF:28
LH:12
BRDA:51,0,0,0
BRDA:51,0,1,0
BRF:2
BRH:0
end_of_record
TN:
SF:src/components/Etudiant.vue
FN:7,(anonymous_0)
FN:8,adopt
FN:9,(anonymous_2)
FN:13,(anonymous_3)
FN:14,fulfilled
FN:21,rejected
FN:28,step
FN:38,(anonymous_7)
FN:41,(anonymous_8)
FN:56,(anonymous_9)
FN:59,verb
FN:60,(anonymous_11)
FN:64,step
FN:135,(anonymous_13)
FN:150,(anonymous_14)
FN:151,(anonymous_15)
FN:153,(anonymous_16)
FN:160,(anonymous_17)
FN:176,(anonymous_18)
FN:180,(anonymous_19)
FN:183,(anonymous_20)
FN:208,render
FNF:22
FNH:17
FNDA:3,(anonymous_0)
FNDA:3,adopt
FNDA:0,(anonymous_2)
FNDA:3,(anonymous_3)
FNDA:3,fulfilled
FNDA:0,rejected
FNDA:6,step
FNDA:3,(anonymous_7)
FNDA:3,(anonymous_8)
FNDA:0,(anonymous_9)
FNDA:9,verb
FNDA:6,(anonymous_11)
FNDA:6,step
FNDA:3,(anonymous_13)
FNDA:3,(anonymous_14)
FNDA:3,(anonymous_15)
FNDA:6,(anonymous_16)
FNDA:3,(anonymous_17)
FNDA:3,(anonymous_18)
FNDA:0,(anonymous_19)
FNDA:0,(anonymous_20)
FNDA:6,render
DA:5,2
DA:9,3
DA:10,0
DA:13,3
DA:15,3
DA:16,3
DA:18,0
DA:22,0
DA:23,0
DA:25,0
DA:29,6
DA:31,3
DA:36,2
DA:39,3
DA:42,3
DA:43,3
DA:52,3
DA:57,0
DA:60,9
DA:61,6
DA:65,6
DA:66,12
DA:67,12
DA:68,12
DA:69,12
DA:72,6
DA:73,6
DA:75,3
DA:76,3
DA:81,0
DA:82,0
DA:83,0
DA:84,0
DA:86,0
DA:87,0
DA:88,0
DA:90,3
DA:91,3
DA:92,3
DA:94,0
DA:95,0
DA:96,0
DA:98,0
DA:99,0
DA:100,0
DA:101,0
DA:103,0
DA:104,0
DA:105,0
DA:106,0
DA:108,0
DA:109,0
DA:110,0
DA:112,6
DA:114,0
DA:115,0
DA:117,12
DA:119,3
DA:120,3
DA:126,2
DA:129,2
DA:130,2
DA:131,2
DA:132,2
DA:133,2
DA:136,3
DA:137,3
DA:138,3
DA:139,3
DA:142,3
DA:143,3
DA:144,3
DA:150,3
DA:151,3
DA:153,3
DA:154,6
DA:156,3
DA:158,3
DA:159,3
DA:160,3
DA:161,3
DA:162,3
DA:164,3
DA:165,3
DA:166,1
DA:167,1
DA:168,1
DA:169,1
DA:171,3
DA:176,3
DA:177,3
DA:179,3
DA:181,0
DA:184,0
DA:191,3
DA:195,3
DA:199,2
DA:200,2
DA:201,2
DA:202,2
DA:203,2
DA:204,2
DA:205,2
DA:206,2
DA:207,2
DA:209,6
DA:210,6
DA:236,2
LF:108
LH:77
BRDA:5,0,0,2
BRDA:5,0,1,2
BRDA:9,1,0,3
BRDA:9,1,1,0
BRDA:13,2,0,3
BRDA:13,2,1,3
BRDA:29,3,0,3
BRDA:29,3,1,3
BRDA:31,4,0,3
BRDA:31,4,1,3
BRDA:36,5,0,2
BRDA:36,5,1,2
BRDA:42,6,0,0
BRDA:42,6,1,3
BRDA:56,7,0,3
BRDA:56,7,1,3
BRDA:65,8,0,0
BRDA:65,8,1,6
BRDA:66,9,0,15
BRDA:66,9,1,3
BRDA:66,10,0,3
BRDA:66,10,1,0
BRDA:67,11,0,0
BRDA:67,11,1,12
BRDA:67,12,0,12
BRDA:67,12,1,0
BRDA:67,12,2,0
BRDA:67,13,0,0
BRDA:67,13,1,0
BRDA:67,14,0,0
BRDA:67,14,1,0
BRDA:67,15,0,0
BRDA:67,15,1,0
BRDA:67,16,0,0
BRDA:67,16,1,0
BRDA:68,17,0,0
BRDA:68,17,1,12
BRDA:69,18,0,6
BRDA:69,18,1,6
BRDA:69,18,2,3
BRDA:69,18,3,0
BRDA:69,18,4,0
BRDA:69,18,5,3
BRDA:90,19,0,3
BRDA:90,19,1,0
BRDA:90,20,0,3
BRDA:90,20,1,3
BRDA:90,20,2,3
BRDA:90,21,0,3
BRDA:90,21,1,0
BRDA:94,22,0,0
BRDA:94,22,1,0
BRDA:94,23,0,0
BRDA:94,23,1,0
BRDA:94,23,2,0
BRDA:94,23,3,0
BRDA:98,24,0,0
BRDA:98,24,1,0
BRDA:98,25,0,0
BRDA:98,25,1,0
BRDA:103,26,0,0
BRDA:103,26,1,0
BRDA:103,27,0,0
BRDA:103,27,1,0
BRDA:108,28,0,0
BRDA:108,28,1,0
BRDA:119,29,0,0
BRDA:119,29,1,3
BRDA:121,30,0,3
BRDA:121,30,1,0
BRDA:143,31,0,3
BRDA:143,31,1,0
BRDA:154,32,0,3
BRDA:154,32,1,3
BRDA:165,33,0,1
BRDA:165,33,1,2
BRF:76
BRH:37
end_of_record
TN:
SF:src/components/EtudiantCreate.vue
FN:11,(anonymous_0)
FN:45,render
FN:48,(anonymous_2)
FN:50,(anonymous_3)
FN:52,(anonymous_4)
FNF:5
FNH:2
FNDA:4,(anonymous_0)
FNDA:4,render
FNDA:0,(anonymous_2)
FNDA:0,(anonymous_3)
FNDA:0,(anonymous_4)
DA:3,3
DA:6,3
DA:7,3
DA:8,3
DA:9,3
DA:12,4
DA:13,4
DA:14,4
DA:17,4
DA:20,4
DA:28,4
DA:34,4
DA:38,4
DA:42,3
DA:43,3
DA:44,3
DA:46,4
DA:48,0
DA:50,0
DA:52,0
DA:55,3
LF:21
LH:18
BRDA:48,0,0,4
BRDA:48,0,1,4
BRDA:50,1,0,4
BRDA:50,1,1,4
BRDA:52,2,0,4
BRDA:52,2,1,4
BRF:6
BRH:6
end_of_record
TN:
SF:src/components/EtudiantEdit.vue
FN:18,(anonymous_0)
FN:55,render
FN:59,(anonymous_2)
FN:61,(anonymous_3)
FN:63,(anonymous_4)
FNF:5
FNH:2
FNDA:2,(anonymous_0)
FNDA:2,render
FNDA:0,(anonymous_2)
FNDA:0,(anonymous_3)
FNDA:0,(anonymous_4)
DA:3,3
DA:6,3
DA:7,3
DA:8,3
DA:9,3
DA:10,3
DA:19,2
DA:20,2
DA:21,2
DA:22,2
DA:25,2
DA:28,2
DA:36,2
DA:44,2
DA:48,2
DA:52,3
DA:53,3
DA:54,3
DA:56,2
DA:59,0
DA:61,0
DA:63,0
DA:70,3
LF:23
LH:20
BRDA:59,0,0,2
BRDA:59,0,1,2
BRDA:61,1,0,2
BRDA:61,1,1,2
BRDA:63,2,0,2
BRDA:63,2,1,2
BRF:6
BRH:6
end_of_record
TN:
SF:src/components/EtudiantPreview.vue
FN:15,(anonymous_0)
FN:38,render
FN:47,(anonymous_2)
FNF:3
FNH:2
FNDA:2,(anonymous_0)
FNDA:3,render
FNDA:0,(anonymous_2)
DA:3,1
DA:6,1
DA:7,1
DA:16,2
DA:17,2
DA:18,2
DA:23,2
DA:26,2
DA:30,2
DA:34,1
DA:35,1
DA:36,1
DA:37,1
DA:39,3
DA:40,3
DA:41,3
DA:47,0
DA:59,1
LF:18
LH:17
BRF:0
BRH:0
end_of_record
TN:
SF:src/components/EtudintRemove.vue
FN:7,(anonymous_0)
FN:8,adopt
FN:9,(anonymous_2)
FN:13,(anonymous_3)
FN:14,fulfilled
FN:21,rejected
FN:28,step
FN:38,(anonymous_7)
FN:41,(anonymous_8)
FN:56,(anonymous_9)
FN:59,verb
FN:60,(anonymous_11)
FN:64,step
FN:141,(anonymous_13)
FN:147,(anonymous_14)
FN:148,(anonymous_15)
FN:150,(anonymous_16)
FN:159,(anonymous_17)
FN:177,(anonymous_18)
FN:193,render
FN:201,(anonymous_20)
FNF:21
FNH:19
FNDA:1,(anonymous_0)
FNDA:1,adopt
FNDA:1,(anonymous_2)
FNDA:1,(anonymous_3)
FNDA:1,fulfilled
FNDA:0,rejected
FNDA:2,step
FNDA:1,(anonymous_7)
FNDA:1,(anonymous_8)
FNDA:0,(anonymous_9)
FNDA:3,verb
FNDA:2,(anonymous_11)
FNDA:2,step
FNDA:3,(anonymous_13)
FNDA:1,(anonymous_14)
FNDA:1,(anonymous_15)
FNDA:3,(anonymous_16)
FNDA:1,(anonymous_17)
FNDA:3,(anonymous_18)
FNDA:3,render
FNDA:3,(anonymous_20)
DA:5,4
DA:9,1
DA:10,1
DA:13,1
DA:15,1
DA:16,1
DA:18,0
DA:22,0
DA:23,0
DA:25,0
DA:29,2
DA:31,1
DA:36,4
DA:39,1
DA:42,1
DA:43,1
DA:52,1
DA:57,0
DA:60,3
DA:61,2
DA:65,2
DA:66,6
DA:67,6
DA:68,6
DA:69,6
DA:72,2
DA:73,2
DA:75,1
DA:76,1
DA:81,0
DA:82,0
DA:83,0
DA:84,0
DA:86,0
DA:87,0
DA:88,0
DA:90,3
DA:91,1
DA:92,1
DA:94,2
DA:95,1
DA:96,1
DA:98,1
DA:99,0
DA:100,0
DA:101,0
DA:103,1
DA:104,0
DA:105,0
DA:106,0
DA:108,1
DA:109,1
DA:110,1
DA:112,3
DA:114,0
DA:115,0
DA:117,6
DA:119,1
DA:120,1
DA:126,4
DA:129,4
DA:130,4
DA:131,4
DA:132,4
DA:133,4
DA:142,3
DA:143,3
DA:144,3
DA:145,3
DA:146,3
DA:147,3
DA:148,1
DA:150,1
DA:151,3
DA:153,1
DA:154,1
DA:156,1
DA:157,1
DA:160,1
DA:162,1
DA:164,0
DA:165,0
DA:166,0
DA:168,1
DA:173,3
DA:178,3
DA:181,3
DA:185,3
DA:189,4
DA:190,4
DA:191,4
DA:192,4
DA:194,3
DA:195,3
DA:201,3
DA:208,4
LF:96
LH:73
BRDA:5,0,0,4
BRDA:5,0,1,4
BRDA:9,1,0,0
BRDA:9,1,1,1
BRDA:13,2,0,1
BRDA:13,2,1,1
BRDA:29,3,0,1
BRDA:29,3,1,1
BRDA:31,4,0,1
BRDA:31,4,1,1
BRDA:36,5,0,4
BRDA:36,5,1,4
BRDA:42,6,0,0
BRDA:42,6,1,1
BRDA:56,7,0,1
BRDA:56,7,1,1
BRDA:65,8,0,0
BRDA:65,8,1,2
BRDA:66,9,0,7
BRDA:66,9,1,1
BRDA:66,10,0,1
BRDA:66,10,1,0
BRDA:67,11,0,0
BRDA:67,11,1,6
BRDA:67,12,0,6
BRDA:67,12,1,0
BRDA:67,12,2,0
BRDA:67,13,0,0
BRDA:67,13,1,0
BRDA:67,14,0,0
BRDA:67,14,1,0
BRDA:67,15,0,0
BRDA:67,15,1,0
BRDA:67,16,0,0
BRDA:67,16,1,0
BRDA:68,17,0,0
BRDA:68,17,1,6
BRDA:69,18,0,2
BRDA:69,18,1,2
BRDA:69,18,2,1
BRDA:69,18,3,0
BRDA:69,18,4,0
BRDA:69,18,5,3
BRDA:90,19,0,1
BRDA:90,19,1,2
BRDA:90,20,0,3
BRDA:90,20,1,2
BRDA:90,20,2,2
BRDA:90,21,0,3
BRDA:90,21,1,1
BRDA:94,22,0,1
BRDA:94,22,1,1
BRDA:94,23,0,2
BRDA:94,23,1,2
BRDA:94,23,2,1
BRDA:94,23,3,1
BRDA:98,24,0,0
BRDA:98,24,1,1
BRDA:98,25,0,1
BRDA:98,25,1,0
BRDA:103,26,0,0
BRDA:103,26,1,1
BRDA:103,27,0,1
BRDA:103,27,1,1
BRDA:108,28,0,0
BRDA:108,28,1,1
BRDA:119,29,0,0
BRDA:119,29,1,1
BRDA:121,30,0,1
BRDA:121,30,1,0
BRDA:151,31,0,1
BRDA:151,31,1,1
BRDA:151,31,2,0
BRDA:151,31,3,1
BRF:74
BRH:49
end_of_record
TN:
SF:src/components/Footer.vue
FN:10,(anonymous_0)
FN:14,(anonymous_1)
FN:30,render
FNF:3
FNH:0
FNDA:0,(anonymous_0)
FNDA:0,(anonymous_1)
FNDA:0,render
DA:3,0
DA:6,0
DA:7,0
DA:8,0
DA:11,0
DA:12,0
DA:13,0
DA:15,0
DA:18,0
DA:22,0
DA:26,0
DA:27,0
DA:28,0
DA:29,0
DA:31,0
DA:35,0
LF:16
LH:0
BRF:0
BRH:0
end_of_record
TN:
SF:src/components/Form.vue
FN:7,(anonymous_0)
FN:8,adopt
FN:9,(anonymous_2)
FN:13,(anonymous_3)
FN:14,fulfilled
FN:21,rejected
FN:28,step
FN:38,(anonymous_7)
FN:41,(anonymous_8)
FN:56,(anonymous_9)
FN:59,verb
FN:60,(anonymous_11)
FN:64,step
FN:151,(anonymous_13)
FN:157,(anonymous_14)
FN:158,(anonymous_15)
FN:160,(anonymous_16)
FN:179,(anonymous_17)
FN:187,(anonymous_18)
FN:208,(anonymous_19)
FN:222,(anonymous_20)
FN:232,(anonymous_21)
FN:254,render
FN:267,(anonymous_23)
FN:273,(anonymous_24)
FN:277,(anonymous_25)
FN:290,(anonymous_26)
FN:294,(anonymous_27)
FN:307,(anonymous_28)
FN:311,(anonymous_29)
FN:322,(anonymous_30)
FN:326,(anonymous_31)
FN:339,(anonymous_32)
FN:343,(anonymous_33)
FN:356,(anonymous_34)
FN:365,(anonymous_35)
FNF:36
FNH:12
FNDA:0,(anonymous_0)
FNDA:0,adopt
FNDA:0,(anonymous_2)
FNDA:0,(anonymous_3)
FNDA:0,fulfilled
FNDA:0,rejected
FNDA:0,step
FNDA:0,(anonymous_7)
FNDA:0,(anonymous_8)
FNDA:0,(anonymous_9)
FNDA:0,verb
FNDA:0,(anonymous_11)
FNDA:0,step
FNDA:7,(anonymous_13)
FNDA:0,(anonymous_14)
FNDA:0,(anonymous_15)
FNDA:0,(anonymous_16)
FNDA:0,(anonymous_17)
FNDA:0,(anonymous_18)
FNDA:0,(anonymous_19)
FNDA:1,(anonymous_20)
FNDA:1,(anonymous_21)
FNDA:8,render
FNDA:8,(anonymous_23)
FNDA:8,(anonymous_24)
FNDA:0,(anonymous_25)
FNDA:8,(anonymous_26)
FNDA:0,(anonymous_27)
FNDA:8,(anonymous_28)
FNDA:0,(anonymous_29)
FNDA:8,(anonymous_30)
FNDA:0,(anonymous_31)
FNDA:8,(anonymous_32)
FNDA:0,(anonymous_33)
FNDA:8,(anonymous_34)
FNDA:8,(anonymous_35)
DA:5,4
DA:9,0
DA:10,0
DA:13,0
DA:15,0
DA:16,0
DA:18,0
DA:22,0
DA:23,0
DA:25,0
DA:29,0
DA:31,0
DA:36,4
DA:39,0
DA:42,0
DA:43,0
DA:52,0
DA:57,0
DA:60,0
DA:61,0
DA:65,0
DA:66,0
DA:67,0
DA:68,0
DA:69,0
DA:72,0
DA:73,0
DA:75,0
DA:76,0
DA:81,0
DA:82,0
DA:83,0
DA:84,0
DA:86,0
DA:87,0
DA:88,0
DA:90,0
DA:91,0
DA:92,0
DA:94,0
DA:95,0
DA:96,0
DA:98,0
DA:99,0
DA:100,0
DA:101,0
DA:103,0
DA:104,0
DA:105,0
DA:106,0
DA:108,0
DA:109,0
DA:110,0
DA:112,0
DA:114,0
DA:115,0
DA:117,0
DA:119,0
DA:120,0
DA:126,4
DA:129,4
DA:130,4
DA:131,4
DA:132,4
DA:133,4
DA:134,4
DA:135,4
DA:152,7
DA:153,7
DA:154,7
DA:155,7
DA:156,7
DA:157,7
DA:158,0
DA:160,0
DA:161,0
DA:163,0
DA:164,0
DA:165,0
DA:167,0
DA:168,0
DA:170,0
DA:171,0
DA:172,0
DA:173,0
DA:174,0
DA:175,0
DA:176,0
DA:178,0
DA:179,0
DA:180,0
DA:182,0
DA:184,0
DA:185,0
DA:188,0
DA:190,0
DA:192,0
DA:193,0
DA:194,0
DA:196,0
DA:198,0
DA:199,0
DA:201,0
DA:202,0
DA:204,0
DA:205,0
DA:206,0
DA:209,0
DA:211,0
DA:213,0
DA:214,0
DA:215,0
DA:217,0
DA:222,7
DA:223,1
DA:225,1
DA:226,1
DA:227,1
DA:228,1
DA:229,1
DA:231,1
DA:232,1
DA:233,1
DA:236,7
DA:242,7
DA:246,7
DA:250,4
DA:251,4
DA:252,4
DA:253,4
DA:255,8
DA:256,8
DA:257,8
DA:258,8
DA:259,8
DA:260,8
DA:267,8
DA:273,8
DA:277,0
DA:290,8
DA:294,0
DA:307,8
DA:311,0
DA:322,8
DA:326,0
DA:339,8
DA:343,0
DA:356,8
DA:365,8
DA:376,4
LF:150
LH:48
BRDA:5,0,0,4
BRDA:5,0,1,4
BRDA:9,1,0,0
BRDA:9,1,1,0
BRDA:13,2,0,0
BRDA:13,2,1,0
BRDA:29,3,0,0
BRDA:29,3,1,0
BRDA:31,4,0,0
BRDA:31,4,1,0
BRDA:36,5,0,4
BRDA:36,5,1,4
BRDA:42,6,0,0
BRDA:42,6,1,0
BRDA:56,7,0,0
BRDA:56,7,1,0
BRDA:65,8,0,0
BRDA:65,8,1,0
BRDA:66,9,0,0
BRDA:66,9,1,0
BRDA:66,10,0,0
BRDA:66,10,1,0
BRDA:67,11,0,0
BRDA:67,11,1,0
BRDA:67,12,0,0
BRDA:67,12,1,0
BRDA:67,12,2,0
BRDA:67,13,0,0
BRDA:67,13,1,0
BRDA:67,14,0,0
BRDA:67,14,1,0
BRDA:67,15,0,0
BRDA:67,15,1,0
BRDA:67,16,0,0
BRDA:67,16,1,0
BRDA:68,17,0,0
BRDA:68,17,1,0
BRDA:69,18,0,0
BRDA:69,18,1,0
BRDA:69,18,2,0
BRDA:69,18,3,0
BRDA:69,18,4,0
BRDA:69,18,5,0
BRDA:90,19,0,0
BRDA:90,19,1,0
BRDA:90,20,0,0
BRDA:90,20,1,0
BRDA:90,20,2,0
BRDA:90,21,0,0
BRDA:90,21,1,0
BRDA:94,22,0,0
BRDA:94,22,1,0
BRDA:94,23,0,0
BRDA:94,23,1,0
BRDA:94,23,2,0
BRDA:94,23,3,0
BRDA:98,24,0,0
BRDA:98,24,1,0
BRDA:98,25,0,0
BRDA:98,25,1,0
BRDA:103,26,0,0
BRDA:103,26,1,0
BRDA:103,27,0,0
BRDA:103,27,1,0
BRDA:108,28,0,0
BRDA:108,28,1,0
BRDA:119,29,0,0
BRDA:119,29,1,0
BRDA:121,30,0,0
BRDA:121,30,1,0
BRDA:161,31,0,0
BRDA:161,31,1,0
BRDA:161,31,2,0
BRDA:161,31,3,0
BRDA:161,31,4,0
BRDA:161,31,5,0
BRDA:161,31,6,0
BRDA:161,31,7,0
BRDA:161,31,8,0
BRDA:161,31,9,0
BRDA:161,31,10,0
BRDA:164,32,0,0
BRDA:164,32,1,0
BRDA:260,33,0,8
BRDA:260,33,1,0
BRDA:277,34,0,8
BRDA:277,34,1,7
BRDA:294,35,0,8
BRDA:294,35,1,7
BRDA:311,36,0,8
BRDA:311,36,1,7
BRDA:326,37,0,8
BRDA:326,37,1,7
BRDA:343,38,0,8
BRDA:343,38,1,7
BRF:95
BRH:15
end_of_record
TN:
SF:src/components/Header.vue
FN:10,(anonymous_0)
FN:14,(anonymous_1)
FN:17,(anonymous_2)
FN:20,(anonymous_3)
FN:37,render
FN:51,(anonymous_5)
FN:53,(anonymous_6)
FN:58,(anonymous_7)
FN:72,(anonymous_8)
FN:74,(anonymous_9)
FN:76,(anonymous_10)
FN:78,(anonymous_11)
FN:87,(anonymous_12)
FN:89,(anonymous_13)
FNF:14
FNH:0
FNDA:0,(anonymous_0)
FNDA:0,(anonymous_1)
FNDA:0,(anonymous_2)
FNDA:0,(anonymous_3)
FNDA:0,render
FNDA:0,(anonymous_5)
FNDA:0,(anonymous_6)
FNDA:0,(anonymous_7)
FNDA:0,(anonymous_8)
FNDA:0,(anonymous_9)
FNDA:0,(anonymous_10)
FNDA:0,(anonymous_11)
FNDA:0,(anonymous_12)
FNDA:0,(anonymous_13)
DA:3,0
DA:6,0
DA:7,0
DA:8,0
DA:11,0
DA:12,0
DA:13,0
DA:15,0
DA:18,0
DA:21,0
DA:24,0
DA:28,0
DA:32,0
DA:33,0
DA:34,0
DA:35,0
DA:36,0
DA:38,0
DA:39,0
DA:40,0
DA:41,0
DA:42,0
DA:43,0
DA:44,0
DA:45,0
DA:46,0
DA:51,0
DA:53,0
DA:58,0
DA:72,0
DA:74,0
DA:76,0
DA:78,0
DA:87,0
DA:89,0
DA:110,0
LF:36
LH:0
BRF:0
BRH:0
end_of_record
TN:
SF:src/components/Home.vue
FN:7,(anonymous_0)
FN:8,adopt
FN:9,(anonymous_2)
FN:13,(anonymous_3)
FN:14,fulfilled
FN:21,rejected
FN:28,step
FN:38,(anonymous_7)
FN:41,(anonymous_8)
FN:56,(anonymous_9)
FN:59,verb
FN:60,(anonymous_11)
FN:64,step
FN:136,(anonymous_13)
FN:142,(anonymous_14)
FN:143,(anonymous_15)
FN:145,(anonymous_16)
FN:160,(anonymous_17)
FN:177,render
FN:181,(anonymous_19)
FNF:20
FNH:0
FNDA:0,(anonymous_0)
FNDA:0,adopt
FNDA:0,(anonymous_2)
FNDA:0,(anonymous_3)
FNDA:0,fulfilled
FNDA:0,rejected
FNDA:0,step
FNDA:0,(anonymous_7)
FNDA:0,(anonymous_8)
FNDA:0,(anonymous_9)
FNDA:0,verb
FNDA:0,(anonymous_11)
FNDA:0,step
FNDA:0,(anonymous_13)
FNDA:0,(anonymous_14)
FNDA:0,(anonymous_15)
FNDA:0,(anonymous_16)
FNDA:0,(anonymous_17)
FNDA:0,render
FNDA:0,(anonymous_19)
DA:5,1
DA:9,0
DA:10,0
DA:13,0
DA:15,0
DA:16,0
DA:18,0
DA:22,0
DA:23,0
DA:25,0
DA:29,0
DA:31,0
DA:36,1
DA:39,0
DA:42,0
DA:43,0
DA:52,0
DA:57,0
DA:60,0
DA:61,0
DA:65,0
DA:66,0
DA:67,0
DA:68,0
DA:69,0
DA:72,0
DA:73,0
DA:75,0
DA:76,0
DA:81,0
DA:82,0
DA:83,0
DA:84,0
DA:86,0
DA:87,0
DA:88,0
DA:90,0
DA:91,0
DA:92,0
DA:94,0
DA:95,0
DA:96,0
DA:98,0
DA:99,0
DA:100,0
DA:101,0
DA:103,0
DA:104,0
DA:105,0
DA:106,0
DA:108,0
DA:109,0
DA:110,0
DA:112,0
DA:114,0
DA:115,0
DA:117,0
DA:119,0
DA:120,0
DA:126,1
DA:129,1
DA:130,1
DA:131,1
DA:132,1
DA:133,1
DA:134,1
DA:137,0
DA:138,0
DA:139,0
DA:140,0
DA:142,0
DA:143,0
DA:145,0
DA:146,0
DA:148,0
DA:150,0
DA:151,0
DA:152,0
DA:157,0
DA:161,0
DA:164,0
DA:168,0
DA:172,1
DA:173,1
DA:174,1
DA:175,1
DA:176,1
DA:178,0
DA:182,0
DA:191,1
LF:90
LH:15
BRDA:5,0,0,1
BRDA:5,0,1,1
BRDA:9,1,0,0
BRDA:9,1,1,0
BRDA:13,2,0,0
BRDA:13,2,1,0
BRDA:29,3,0,0
BRDA:29,3,1,0
BRDA:31,4,0,0
BRDA:31,4,1,0
BRDA:36,5,0,1
BRDA:36,5,1,1
BRDA:42,6,0,0
BRDA:42,6,1,0
BRDA:56,7,0,0
BRDA:56,7,1,0
BRDA:65,8,0,0
BRDA:65,8,1,0
BRDA:66,9,0,0
BRDA:66,9,1,0
BRDA:66,10,0,0
BRDA:66,10,1,0
BRDA:67,11,0,0
BRDA:67,11,1,0
BRDA:67,12,0,0
BRDA:67,12,1,0
BRDA:67,12,2,0
BRDA:67,13,0,0
BRDA:67,13,1,0
BRDA:67,14,0,0
BRDA:67,14,1,0
BRDA:67,15,0,0
BRDA:67,15,1,0
BRDA:67,16,0,0
BRDA:67,16,1,0
BRDA:68,17,0,0
BRDA:68,17,1,0
BRDA:69,18,0,0
BRDA:69,18,1,0
BRDA:69,18,2,0
BRDA:69,18,3,0
BRDA:69,18,4,0
BRDA:69,18,5,0
BRDA:90,19,0,0
BRDA:90,19,1,0
BRDA:90,20,0,0
BRDA:90,20,1,0
BRDA:90,20,2,0
BRDA:90,21,0,0
BRDA:90,21,1,0
BRDA:94,22,0,0
BRDA:94,22,1,0
BRDA:94,23,0,0
BRDA:94,23,1,0
BRDA:94,23,2,0
BRDA:94,23,3,0
BRDA:98,24,0,0
BRDA:98,24,1,0
BRDA:98,25,0,0
BRDA:98,25,1,0
BRDA:103,26,0,0
BRDA:103,26,1,0
BRDA:103,27,0,0
BRDA:103,27,1,0
BRDA:108,28,0,0
BRDA:108,28,1,0
BRDA:119,29,0,0
BRDA:119,29,1,0
BRDA:121,30,0,0
BRDA:121,30,1,0
BRDA:146,31,0,0
BRDA:146,31,1,0
BRF:72
BRH:4
end_of_record
TN:
SF:src/components/RouteHome.vue
FN:8,render
FNF:1
FNH:0
FNDA:0,render
DA:3,0
DA:6,0
DA:7,0
DA:9,0
DA:10,0
DA:11,0
LF:6
LH:0
BRF:0
BRH:0
end_of_record
TN:
SF:src/utils/helper.ts
FN:5,(anonymous_0)
FN:11,(anonymous_1)
FN:12,(anonymous_2)
FN:26,(anonymous_3)
FN:34,(anonymous_4)
FNF:5
FNH:2
FNDA:0,(anonymous_0)
FNDA:3,(anonymous_1)
FNDA:3,(anonymous_2)
FNDA:0,(anonymous_3)
FNDA:0,(anonymous_4)
DA:5,3
DA:6,0
DA:11,3
DA:12,3
DA:13,3
DA:14,3
DA:26,3
DA:27,0
DA:30,0
DA:31,0
DA:33,0
DA:34,0
DA:35,0
DA:37,0
LF:14
LH:6
BRDA:6,0,0,0
BRDA:6,0,1,0
BRF:2
BRH:0
end_of_record
TN:
SF:src/utils/router.ts
FNF:0
FNH:0
DA:9,1
DA:17,1
LF:2
LH:2
BRF:0
BRH:0
end_of_record
